2023-09-20 01:29:13.396 [main] INFO  com.rs.mv.mvvs.Startup - [LSP:100101]ROCKET MV BASIC EXTENSION to start
2023-09-20 01:29:13.412 [main] INFO  com.rs.mv.mvvs.lsp.server.BasicLanguageServerLauncher - [LSP:100102]start pip server
2023-09-20 01:29:13.460 [main] INFO  com.rs.mv.mvvs.lsp.server.BasicLanguageServerLauncher - [LSP:100103]ROCKET MV BASIC EXTENSION start successful
2023-09-20 01:29:13.514 [pool-3-thread-1] INFO  com.rs.mv.mvvs.instance.workspace.WorkspaceManager - [workspace:200101]load all workspace folders start
2023-09-20 01:29:13.514 [pool-3-thread-1] INFO  com.rs.mv.mvvs.instance.workspace.WorkspaceManager - [workspace:20010201]root uri: file:///c%3A/Users/Marifer%20M/Downloads/tarea%20updateUt/sw-sdk-java
2023-09-20 01:29:13.525 [pool-3-thread-1] INFO  com.rs.mv.mvvs.instance.workspace.handler.FolderHandler - [workspace:200103]workspace contains workspace folder: file:///c%3A/Users/Marifer%20M/Downloads/tarea%20updateUt/sw-sdk-java
2023-09-20 01:29:13.539 [pool-3-thread-1] INFO  com.rs.mv.mvvs.instance.workspace.handler.FolderHandler - [workspace:200104]workspace folder will be cached: file:///c%3A/Users/Marifer%20M/Downloads/tarea%20updateUt/sw-sdk-java
2023-09-20 01:29:13.539 [pool-3-thread-1] INFO  com.rs.mv.mvvs.rmv.config.Config - [framework:30010101]config load start
2023-09-20 01:29:13.539 [pool-3-thread-1] INFO  com.rs.mv.mvvs.rmv.config.Config - [framework:30010102]project config path is : C:/Users/Marifer M/Downloads/tarea updateUt/sw-sdk-java/.rmv/config
2023-09-20 01:29:13.539 [pool-3-thread-1] INFO  com.rs.mv.mvvs.rmv.config.Config - [framework:30010103]resource config path is : /
2023-09-20 01:29:13.539 [pool-3-thread-1] INFO  com.rs.mv.mvvs.rmv.config.Config - [framework:30010104]user config path is : C:/Users/Marifer M
2023-09-20 01:29:13.565 [pool-3-thread-1] INFO  com.rs.mv.mvvs.rmv.config.Config - [framework:30010105]config load end
2023-09-20 01:29:13.565 [pool-3-thread-1] INFO  com.rs.mv.mvvs.rmv.documentation.BasicDocumentation - [framework:30020101]documentation load start
2023-09-20 01:29:13.565 [pool-3-thread-1] INFO  com.rs.mv.mvvs.rmv.documentation.reader.SystemDocReader - [framework:30020102]system documentation path: /documentation/UNIVERSE/
2023-09-20 01:29:13.565 [pool-3-thread-1] INFO  com.rs.mv.mvvs.rmv.documentation.reader.ProjectDocReader - [framework:30020103]project documentation brief file: C:\Users\Marifer M\Downloads\tarea updateUt\sw-sdk-java\.rmv\documentation\UNIVERSE\custom.json
2023-09-20 01:29:13.565 [pool-3-thread-1] INFO  com.rs.mv.mvvs.rmv.documentation.reader.UserDocReader - [framework:30020104]user documentation brief file: C:\Users\Marifer M\documentation\UNIVERSE\custom.json
2023-09-20 01:29:13.631 [pool-3-thread-1] INFO  com.rs.mv.mvvs.rmv.documentation.BasicDocumentation - [framework:30020105]documentation load end
2023-09-20 01:29:13.648 [pool-3-thread-1] INFO  com.rs.mv.mvvs.common.convertor.ConvertorManager - [framework:30030101]convertors for folder(C:/Users/Marifer M/Downloads/tarea updateUt/sw-sdk-java) load start
2023-09-20 01:29:13.648 [pool-3-thread-1] INFO  com.rs.mv.mvvs.common.convertor.ConvertorManager - [framework:30030102]comment convertor load finish
2023-09-20 01:29:13.732 [pool-3-thread-1] INFO  com.rs.mv.mvvs.common.convertor.ConvertorManager - [framework:30030103]keyword convertor load finish
2023-09-20 01:29:13.732 [pool-3-thread-1] INFO  com.rs.mv.mvvs.common.convertor.ConvertorManager - [framework:30030104]operator convertor load finish
2023-09-20 01:29:13.732 [pool-3-thread-1] INFO  com.rs.mv.mvvs.common.convertor.ConvertorManager - [framework:30030105]function name convertor load finish
2023-09-20 01:29:13.732 [pool-3-thread-1] INFO  com.rs.mv.mvvs.common.convertor.ConvertorManager - [framework:30030106]atVariable convertor load finish
2023-09-20 01:29:13.732 [pool-3-thread-1] INFO  com.rs.mv.mvvs.common.convertor.ConvertorManager - [framework:30030107]convertors for folder(C:/Users/Marifer M/Downloads/tarea updateUt/sw-sdk-java) load end
2023-09-20 01:29:13.732 [pool-3-thread-1] INFO  com.rs.mv.mvvs.rmv.config.CapabilityConfig - [framework:30010301]capabilities file(C:/Users/Marifer M/Downloads/tarea updateUt/sw-sdk-java/config/capability) doesn't exist or read error, default config will take effect
2023-09-20 01:29:13.732 [pool-3-thread-1] INFO  com.rs.mv.mvvs.instance.workspace.WorkspaceManager - [workspace:200105]load all workspace folders successful
2023-09-20 01:29:13.732 [pool-3-thread-1] INFO  com.rs.mv.mvvs.client.account.AccountManager - [client:40010101]load account manager start
2023-09-20 01:29:13.748 [pool-3-thread-1] INFO  com.rs.mv.mvvs.client.account.handler.CacheAccountHandler - [client:40010102]load cache account: 
2023-09-20 01:29:13.748 [pool-3-thread-1] INFO  com.rs.mv.mvvs.client.account.handler.ExternalAccountHandler - [client:40010103]load external account: 
2023-09-20 01:29:13.831 [pool-3-thread-1] INFO  com.rs.mv.mvvs.client.catalog.manager.U2CatalogManager - [client:400203]cache file auto update thread launch in sw-sdk-java account
2023-09-20 01:29:13.848 [pool-3-thread-1] INFO  com.rs.mv.mvvs.client.catalog.from.config.DirsConfigReader - [client:400206]parse dir config information
2023-09-20 01:29:13.848 [pool-3-thread-1] INFO  com.rs.mv.mvvs.client.catalog.from.config.MappingConfigReader - [client:400207]parse mapping config information
2023-09-20 01:29:13.848 [pool-3-thread-1] INFO  com.rs.mv.mvvs.client.catalog.manager.U2CatalogManager - [client:400202]start a schedule task to get global/local catalog for sw-sdk-java, its period 5s 
2023-09-20 01:29:13.848 [pool-3-thread-1] INFO  com.rs.mv.mvvs.client.catalog.manager.U2CatalogManager - [client:400203]cache file auto update thread launch in .git account
2023-09-20 01:29:13.848 [pool-3-thread-1] INFO  com.rs.mv.mvvs.client.catalog.from.config.DirsConfigReader - [client:400206]parse dir config information
2023-09-20 01:29:13.848 [pool-3-thread-1] INFO  com.rs.mv.mvvs.client.catalog.from.config.MappingConfigReader - [client:400207]parse mapping config information
2023-09-20 01:29:13.848 [pool-3-thread-1] INFO  com.rs.mv.mvvs.client.catalog.manager.U2CatalogManager - [client:400202]start a schedule task to get global/local catalog for .git, its period 5s 
2023-09-20 01:29:13.848 [pool-3-thread-1] INFO  com.rs.mv.mvvs.client.catalog.manager.U2CatalogManager - [client:400203]cache file auto update thread launch in logs account
2023-09-20 01:29:13.848 [pool-3-thread-1] INFO  com.rs.mv.mvvs.client.catalog.from.config.DirsConfigReader - [client:400206]parse dir config information
2023-09-20 01:29:13.848 [pool-3-thread-1] INFO  com.rs.mv.mvvs.client.catalog.from.config.MappingConfigReader - [client:400207]parse mapping config information
2023-09-20 01:29:13.848 [pool-3-thread-1] INFO  com.rs.mv.mvvs.client.catalog.manager.U2CatalogManager - [client:400202]start a schedule task to get global/local catalog for logs, its period 5s 
2023-09-20 01:29:13.848 [pool-3-thread-1] INFO  com.rs.mv.mvvs.client.catalog.manager.U2CatalogManager - [client:400203]cache file auto update thread launch in refs account
2023-09-20 01:29:13.848 [pool-3-thread-1] INFO  com.rs.mv.mvvs.client.catalog.from.config.DirsConfigReader - [client:400206]parse dir config information
2023-09-20 01:29:13.848 [pool-3-thread-1] INFO  com.rs.mv.mvvs.client.catalog.from.config.MappingConfigReader - [client:400207]parse mapping config information
2023-09-20 01:29:13.848 [pool-3-thread-1] INFO  com.rs.mv.mvvs.client.catalog.manager.U2CatalogManager - [client:400202]start a schedule task to get global/local catalog for refs, its period 5s 
2023-09-20 01:29:13.848 [pool-3-thread-1] INFO  com.rs.mv.mvvs.client.catalog.manager.U2CatalogManager - [client:400203]cache file auto update thread launch in heads account
2023-09-20 01:29:13.848 [pool-3-thread-1] INFO  com.rs.mv.mvvs.client.catalog.from.config.DirsConfigReader - [client:400206]parse dir config information
2023-09-20 01:29:13.848 [pool-3-thread-1] INFO  com.rs.mv.mvvs.client.catalog.from.config.MappingConfigReader - [client:400207]parse mapping config information
2023-09-20 01:29:13.848 [pool-3-thread-1] INFO  com.rs.mv.mvvs.client.catalog.manager.U2CatalogManager - [client:400202]start a schedule task to get global/local catalog for heads, its period 5s 
2023-09-20 01:29:13.848 [pool-3-thread-1] INFO  com.rs.mv.mvvs.client.catalog.manager.U2CatalogManager - [client:400203]cache file auto update thread launch in remotes account
2023-09-20 01:29:13.848 [pool-3-thread-1] INFO  com.rs.mv.mvvs.client.catalog.from.config.DirsConfigReader - [client:400206]parse dir config information
2023-09-20 01:29:13.848 [pool-3-thread-1] INFO  com.rs.mv.mvvs.client.catalog.from.config.MappingConfigReader - [client:400207]parse mapping config information
2023-09-20 01:29:13.848 [pool-3-thread-1] INFO  com.rs.mv.mvvs.client.catalog.manager.U2CatalogManager - [client:400202]start a schedule task to get global/local catalog for remotes, its period 5s 
2023-09-20 01:29:13.848 [pool-3-thread-1] INFO  com.rs.mv.mvvs.client.catalog.manager.U2CatalogManager - [client:400203]cache file auto update thread launch in origin account
2023-09-20 01:29:13.848 [pool-3-thread-1] INFO  com.rs.mv.mvvs.client.catalog.from.config.DirsConfigReader - [client:400206]parse dir config information
2023-09-20 01:29:13.848 [pool-3-thread-1] INFO  com.rs.mv.mvvs.client.catalog.from.config.MappingConfigReader - [client:400207]parse mapping config information
2023-09-20 01:29:13.848 [pool-3-thread-1] INFO  com.rs.mv.mvvs.client.catalog.manager.U2CatalogManager - [client:400202]start a schedule task to get global/local catalog for origin, its period 5s 
2023-09-20 01:29:13.863 [pool-3-thread-1] INFO  com.rs.mv.mvvs.client.catalog.manager.U2CatalogManager - [client:400203]cache file auto update thread launch in objects account
2023-09-20 01:29:13.864 [pool-3-thread-1] INFO  com.rs.mv.mvvs.client.catalog.from.config.DirsConfigReader - [client:400206]parse dir config information
2023-09-20 01:29:13.864 [pool-3-thread-1] INFO  com.rs.mv.mvvs.client.catalog.from.config.MappingConfigReader - [client:400207]parse mapping config information
2023-09-20 01:29:13.864 [pool-3-thread-1] INFO  com.rs.mv.mvvs.client.catalog.manager.U2CatalogManager - [client:400202]start a schedule task to get global/local catalog for objects, its period 5s 
2023-09-20 01:29:13.864 [pool-3-thread-1] INFO  com.rs.mv.mvvs.client.catalog.manager.U2CatalogManager - [client:400203]cache file auto update thread launch in refs account
2023-09-20 01:29:13.864 [pool-3-thread-1] INFO  com.rs.mv.mvvs.client.catalog.from.config.DirsConfigReader - [client:400206]parse dir config information
2023-09-20 01:29:13.864 [pool-3-thread-1] INFO  com.rs.mv.mvvs.client.catalog.from.config.MappingConfigReader - [client:400207]parse mapping config information
2023-09-20 01:29:13.864 [pool-3-thread-1] INFO  com.rs.mv.mvvs.client.catalog.manager.U2CatalogManager - [client:400202]start a schedule task to get global/local catalog for refs, its period 5s 
2023-09-20 01:29:13.864 [pool-3-thread-1] INFO  com.rs.mv.mvvs.client.catalog.manager.U2CatalogManager - [client:400203]cache file auto update thread launch in heads account
2023-09-20 01:29:13.864 [pool-3-thread-1] INFO  com.rs.mv.mvvs.client.catalog.from.config.DirsConfigReader - [client:400206]parse dir config information
2023-09-20 01:29:13.864 [pool-3-thread-1] INFO  com.rs.mv.mvvs.client.catalog.from.config.MappingConfigReader - [client:400207]parse mapping config information
2023-09-20 01:29:13.864 [pool-3-thread-1] INFO  com.rs.mv.mvvs.client.catalog.manager.U2CatalogManager - [client:400202]start a schedule task to get global/local catalog for heads, its period 5s 
2023-09-20 01:29:13.864 [pool-3-thread-1] INFO  com.rs.mv.mvvs.client.catalog.manager.U2CatalogManager - [client:400203]cache file auto update thread launch in remotes account
2023-09-20 01:29:13.864 [pool-3-thread-1] INFO  com.rs.mv.mvvs.client.catalog.from.config.DirsConfigReader - [client:400206]parse dir config information
2023-09-20 01:29:13.864 [pool-3-thread-1] INFO  com.rs.mv.mvvs.client.catalog.from.config.MappingConfigReader - [client:400207]parse mapping config information
2023-09-20 01:29:13.864 [pool-3-thread-1] INFO  com.rs.mv.mvvs.client.catalog.manager.U2CatalogManager - [client:400202]start a schedule task to get global/local catalog for remotes, its period 5s 
2023-09-20 01:29:13.864 [pool-3-thread-1] INFO  com.rs.mv.mvvs.client.catalog.manager.U2CatalogManager - [client:400203]cache file auto update thread launch in origin account
2023-09-20 01:29:13.864 [pool-3-thread-1] INFO  com.rs.mv.mvvs.client.catalog.from.config.DirsConfigReader - [client:400206]parse dir config information
2023-09-20 01:29:13.864 [pool-3-thread-1] INFO  com.rs.mv.mvvs.client.catalog.from.config.MappingConfigReader - [client:400207]parse mapping config information
2023-09-20 01:29:13.864 [pool-3-thread-1] INFO  com.rs.mv.mvvs.client.catalog.manager.U2CatalogManager - [client:400202]start a schedule task to get global/local catalog for origin, its period 5s 
2023-09-20 01:29:13.864 [pool-3-thread-1] INFO  com.rs.mv.mvvs.client.catalog.manager.U2CatalogManager - [client:400203]cache file auto update thread launch in .idea account
2023-09-20 01:29:13.864 [pool-3-thread-1] INFO  com.rs.mv.mvvs.client.catalog.from.config.DirsConfigReader - [client:400206]parse dir config information
2023-09-20 01:29:13.864 [pool-3-thread-1] INFO  com.rs.mv.mvvs.client.catalog.from.config.MappingConfigReader - [client:400207]parse mapping config information
2023-09-20 01:29:13.864 [pool-3-thread-1] INFO  com.rs.mv.mvvs.client.catalog.manager.U2CatalogManager - [client:400202]start a schedule task to get global/local catalog for .idea, its period 5s 
2023-09-20 01:29:13.864 [pool-3-thread-1] INFO  com.rs.mv.mvvs.client.catalog.manager.U2CatalogManager - [client:400203]cache file auto update thread launch in src account
2023-09-20 01:29:13.864 [pool-3-thread-1] INFO  com.rs.mv.mvvs.client.catalog.from.config.DirsConfigReader - [client:400206]parse dir config information
2023-09-20 01:29:13.864 [pool-3-thread-1] INFO  com.rs.mv.mvvs.client.catalog.from.config.MappingConfigReader - [client:400207]parse mapping config information
2023-09-20 01:29:13.864 [pool-3-thread-1] INFO  com.rs.mv.mvvs.client.catalog.manager.U2CatalogManager - [client:400202]start a schedule task to get global/local catalog for src, its period 5s 
2023-09-20 01:29:13.864 [pool-3-thread-1] INFO  com.rs.mv.mvvs.client.catalog.manager.U2CatalogManager - [client:400203]cache file auto update thread launch in main account
2023-09-20 01:29:13.864 [pool-3-thread-1] INFO  com.rs.mv.mvvs.client.catalog.from.config.DirsConfigReader - [client:400206]parse dir config information
2023-09-20 01:29:13.864 [pool-3-thread-1] INFO  com.rs.mv.mvvs.client.catalog.from.config.MappingConfigReader - [client:400207]parse mapping config information
2023-09-20 01:29:13.864 [pool-3-thread-1] INFO  com.rs.mv.mvvs.client.catalog.manager.U2CatalogManager - [client:400202]start a schedule task to get global/local catalog for main, its period 5s 
2023-09-20 01:29:13.864 [pool-3-thread-1] INFO  com.rs.mv.mvvs.client.catalog.manager.U2CatalogManager - [client:400203]cache file auto update thread launch in java account
2023-09-20 01:29:13.864 [pool-3-thread-1] INFO  com.rs.mv.mvvs.client.catalog.from.config.DirsConfigReader - [client:400206]parse dir config information
2023-09-20 01:29:13.864 [pool-3-thread-1] INFO  com.rs.mv.mvvs.client.catalog.from.config.MappingConfigReader - [client:400207]parse mapping config information
2023-09-20 01:29:13.864 [pool-3-thread-1] INFO  com.rs.mv.mvvs.client.catalog.manager.U2CatalogManager - [client:400202]start a schedule task to get global/local catalog for java, its period 5s 
2023-09-20 01:29:13.864 [pool-3-thread-1] INFO  com.rs.mv.mvvs.client.catalog.manager.U2CatalogManager - [client:400203]cache file auto update thread launch in Services account
2023-09-20 01:29:13.864 [pool-3-thread-1] INFO  com.rs.mv.mvvs.client.catalog.from.config.DirsConfigReader - [client:400206]parse dir config information
2023-09-20 01:29:13.864 [pool-3-thread-1] INFO  com.rs.mv.mvvs.client.catalog.from.config.MappingConfigReader - [client:400207]parse mapping config information
2023-09-20 01:29:13.864 [pool-3-thread-1] INFO  com.rs.mv.mvvs.client.catalog.manager.U2CatalogManager - [client:400202]start a schedule task to get global/local catalog for Services, its period 5s 
2023-09-20 01:29:13.864 [pool-3-thread-1] INFO  com.rs.mv.mvvs.client.catalog.manager.U2CatalogManager - [client:400203]cache file auto update thread launch in Utils account
2023-09-20 01:29:13.864 [pool-3-thread-1] INFO  com.rs.mv.mvvs.client.catalog.from.config.DirsConfigReader - [client:400206]parse dir config information
2023-09-20 01:29:13.864 [pool-3-thread-1] INFO  com.rs.mv.mvvs.client.catalog.from.config.MappingConfigReader - [client:400207]parse mapping config information
2023-09-20 01:29:13.879 [pool-3-thread-1] INFO  com.rs.mv.mvvs.client.catalog.manager.U2CatalogManager - [client:400202]start a schedule task to get global/local catalog for Utils, its period 5s 
2023-09-20 01:29:13.879 [pool-3-thread-1] INFO  com.rs.mv.mvvs.client.catalog.manager.U2CatalogManager - [client:400203]cache file auto update thread launch in Requests account
2023-09-20 01:29:13.880 [pool-3-thread-1] INFO  com.rs.mv.mvvs.client.catalog.from.config.DirsConfigReader - [client:400206]parse dir config information
2023-09-20 01:29:13.880 [pool-3-thread-1] INFO  com.rs.mv.mvvs.client.catalog.from.config.MappingConfigReader - [client:400207]parse mapping config information
2023-09-20 01:29:13.881 [pool-3-thread-1] INFO  com.rs.mv.mvvs.client.catalog.manager.U2CatalogManager - [client:400202]start a schedule task to get global/local catalog for Requests, its period 5s 
2023-09-20 01:29:13.881 [pool-3-thread-1] INFO  com.rs.mv.mvvs.client.catalog.manager.U2CatalogManager - [client:400203]cache file auto update thread launch in Responses account
2023-09-20 01:29:13.881 [pool-3-thread-1] INFO  com.rs.mv.mvvs.client.catalog.from.config.DirsConfigReader - [client:400206]parse dir config information
2023-09-20 01:29:13.881 [pool-3-thread-1] INFO  com.rs.mv.mvvs.client.catalog.from.config.MappingConfigReader - [client:400207]parse mapping config information
2023-09-20 01:29:13.881 [pool-3-thread-1] INFO  com.rs.mv.mvvs.client.catalog.manager.U2CatalogManager - [client:400202]start a schedule task to get global/local catalog for Responses, its period 5s 
2023-09-20 01:29:13.881 [pool-3-thread-1] INFO  com.rs.mv.mvvs.client.catalog.manager.U2CatalogManager - [client:400203]cache file auto update thread launch in test account
2023-09-20 01:29:13.881 [pool-3-thread-1] INFO  com.rs.mv.mvvs.client.catalog.from.config.DirsConfigReader - [client:400206]parse dir config information
2023-09-20 01:29:13.881 [pool-3-thread-1] INFO  com.rs.mv.mvvs.client.catalog.from.config.MappingConfigReader - [client:400207]parse mapping config information
2023-09-20 01:29:13.881 [pool-3-thread-1] INFO  com.rs.mv.mvvs.client.catalog.manager.U2CatalogManager - [client:400202]start a schedule task to get global/local catalog for test, its period 5s 
2023-09-20 01:29:13.881 [pool-3-thread-1] INFO  com.rs.mv.mvvs.client.catalog.manager.U2CatalogManager - [client:400203]cache file auto update thread launch in java account
2023-09-20 01:29:13.881 [pool-3-thread-1] INFO  com.rs.mv.mvvs.client.catalog.from.config.DirsConfigReader - [client:400206]parse dir config information
2023-09-20 01:29:13.881 [pool-3-thread-1] INFO  com.rs.mv.mvvs.client.catalog.from.config.MappingConfigReader - [client:400207]parse mapping config information
2023-09-20 01:29:13.881 [pool-3-thread-1] INFO  com.rs.mv.mvvs.client.catalog.manager.U2CatalogManager - [client:400202]start a schedule task to get global/local catalog for java, its period 5s 
2023-09-20 01:29:13.881 [pool-3-thread-1] INFO  com.rs.mv.mvvs.client.catalog.manager.U2CatalogManager - [client:400203]cache file auto update thread launch in Tests account
2023-09-20 01:29:13.881 [pool-3-thread-1] INFO  com.rs.mv.mvvs.client.catalog.from.config.DirsConfigReader - [client:400206]parse dir config information
2023-09-20 01:29:13.881 [pool-3-thread-1] INFO  com.rs.mv.mvvs.client.catalog.from.config.MappingConfigReader - [client:400207]parse mapping config information
2023-09-20 01:29:13.881 [pool-3-thread-1] INFO  com.rs.mv.mvvs.client.catalog.manager.U2CatalogManager - [client:400202]start a schedule task to get global/local catalog for Tests, its period 5s 
2023-09-20 01:29:13.881 [pool-3-thread-1] INFO  com.rs.mv.mvvs.client.catalog.manager.U2CatalogManager - [client:400203]cache file auto update thread launch in resources account
2023-09-20 01:29:13.881 [pool-3-thread-1] INFO  com.rs.mv.mvvs.client.catalog.from.config.DirsConfigReader - [client:400206]parse dir config information
2023-09-20 01:29:13.881 [pool-3-thread-1] INFO  com.rs.mv.mvvs.client.catalog.from.config.MappingConfigReader - [client:400207]parse mapping config information
2023-09-20 01:29:13.881 [pool-3-thread-1] INFO  com.rs.mv.mvvs.client.catalog.manager.U2CatalogManager - [client:400202]start a schedule task to get global/local catalog for resources, its period 5s 
2023-09-20 01:29:13.881 [pool-3-thread-1] INFO  com.rs.mv.mvvs.client.catalog.manager.U2CatalogManager - [client:400203]cache file auto update thread launch in CFDI40 account
2023-09-20 01:29:13.881 [pool-3-thread-1] INFO  com.rs.mv.mvvs.client.catalog.from.config.DirsConfigReader - [client:400206]parse dir config information
2023-09-20 01:29:13.881 [pool-3-thread-1] INFO  com.rs.mv.mvvs.client.catalog.from.config.MappingConfigReader - [client:400207]parse mapping config information
2023-09-20 01:29:13.881 [pool-3-thread-1] INFO  com.rs.mv.mvvs.client.catalog.manager.U2CatalogManager - [client:400202]start a schedule task to get global/local catalog for CFDI40, its period 5s 
2023-09-20 01:29:13.881 [pool-3-thread-1] INFO  com.rs.mv.mvvs.client.catalog.manager.U2CatalogManager - [client:400203]cache file auto update thread launch in target account
2023-09-20 01:29:13.881 [pool-3-thread-1] INFO  com.rs.mv.mvvs.client.catalog.from.config.DirsConfigReader - [client:400206]parse dir config information
2023-09-20 01:29:13.881 [pool-3-thread-1] INFO  com.rs.mv.mvvs.client.catalog.from.config.MappingConfigReader - [client:400207]parse mapping config information
2023-09-20 01:29:13.881 [pool-3-thread-1] INFO  com.rs.mv.mvvs.client.catalog.manager.U2CatalogManager - [client:400202]start a schedule task to get global/local catalog for target, its period 5s 
2023-09-20 01:29:13.881 [pool-3-thread-1] INFO  com.rs.mv.mvvs.client.catalog.manager.U2CatalogManager - [client:400203]cache file auto update thread launch in classes account
2023-09-20 01:29:13.881 [pool-3-thread-1] INFO  com.rs.mv.mvvs.client.catalog.from.config.DirsConfigReader - [client:400206]parse dir config information
2023-09-20 01:29:13.881 [pool-3-thread-1] INFO  com.rs.mv.mvvs.client.catalog.from.config.MappingConfigReader - [client:400207]parse mapping config information
2023-09-20 01:29:13.881 [pool-3-thread-1] INFO  com.rs.mv.mvvs.client.catalog.manager.U2CatalogManager - [client:400202]start a schedule task to get global/local catalog for classes, its period 5s 
2023-09-20 01:29:13.881 [pool-3-thread-1] INFO  com.rs.mv.mvvs.client.catalog.manager.U2CatalogManager - [client:400203]cache file auto update thread launch in Services account
2023-09-20 01:29:13.881 [pool-3-thread-1] INFO  com.rs.mv.mvvs.client.catalog.from.config.DirsConfigReader - [client:400206]parse dir config information
2023-09-20 01:29:13.881 [pool-3-thread-1] INFO  com.rs.mv.mvvs.client.catalog.from.config.MappingConfigReader - [client:400207]parse mapping config information
2023-09-20 01:29:13.881 [pool-3-thread-1] INFO  com.rs.mv.mvvs.client.catalog.manager.U2CatalogManager - [client:400202]start a schedule task to get global/local catalog for Services, its period 5s 
2023-09-20 01:29:13.881 [pool-3-thread-1] INFO  com.rs.mv.mvvs.client.catalog.manager.U2CatalogManager - [client:400203]cache file auto update thread launch in Utils account
2023-09-20 01:29:13.881 [pool-3-thread-1] INFO  com.rs.mv.mvvs.client.catalog.from.config.DirsConfigReader - [client:400206]parse dir config information
2023-09-20 01:29:13.881 [pool-3-thread-1] INFO  com.rs.mv.mvvs.client.catalog.from.config.MappingConfigReader - [client:400207]parse mapping config information
2023-09-20 01:29:13.881 [pool-3-thread-1] INFO  com.rs.mv.mvvs.client.catalog.manager.U2CatalogManager - [client:400202]start a schedule task to get global/local catalog for Utils, its period 5s 
2023-09-20 01:29:13.881 [pool-3-thread-1] INFO  com.rs.mv.mvvs.client.catalog.manager.U2CatalogManager - [client:400203]cache file auto update thread launch in Requests account
2023-09-20 01:29:13.881 [pool-3-thread-1] INFO  com.rs.mv.mvvs.client.catalog.from.config.DirsConfigReader - [client:400206]parse dir config information
2023-09-20 01:29:13.881 [pool-3-thread-1] INFO  com.rs.mv.mvvs.client.catalog.from.config.MappingConfigReader - [client:400207]parse mapping config information
2023-09-20 01:29:13.896 [pool-3-thread-1] INFO  com.rs.mv.mvvs.client.catalog.manager.U2CatalogManager - [client:400202]start a schedule task to get global/local catalog for Requests, its period 5s 
2023-09-20 01:29:13.897 [pool-3-thread-1] INFO  com.rs.mv.mvvs.client.catalog.manager.U2CatalogManager - [client:400203]cache file auto update thread launch in Responses account
2023-09-20 01:29:13.897 [pool-3-thread-1] INFO  com.rs.mv.mvvs.client.catalog.from.config.DirsConfigReader - [client:400206]parse dir config information
2023-09-20 01:29:13.897 [pool-3-thread-1] INFO  com.rs.mv.mvvs.client.catalog.from.config.MappingConfigReader - [client:400207]parse mapping config information
2023-09-20 01:29:13.898 [pool-3-thread-1] INFO  com.rs.mv.mvvs.client.catalog.manager.U2CatalogManager - [client:400202]start a schedule task to get global/local catalog for Responses, its period 5s 
2023-09-20 01:29:13.898 [pool-3-thread-1] INFO  com.rs.mv.mvvs.client.catalog.manager.U2CatalogManager - [client:400203]cache file auto update thread launch in test-classes account
2023-09-20 01:29:13.898 [pool-3-thread-1] INFO  com.rs.mv.mvvs.client.catalog.from.config.DirsConfigReader - [client:400206]parse dir config information
2023-09-20 01:29:13.898 [pool-3-thread-1] INFO  com.rs.mv.mvvs.client.catalog.from.config.MappingConfigReader - [client:400207]parse mapping config information
2023-09-20 01:29:13.898 [pool-3-thread-1] INFO  com.rs.mv.mvvs.client.catalog.manager.U2CatalogManager - [client:400202]start a schedule task to get global/local catalog for test-classes, its period 5s 
2023-09-20 01:29:13.898 [pool-3-thread-1] INFO  com.rs.mv.mvvs.client.catalog.manager.U2CatalogManager - [client:400203]cache file auto update thread launch in CFDI40 account
2023-09-20 01:29:13.898 [pool-3-thread-1] INFO  com.rs.mv.mvvs.client.catalog.from.config.DirsConfigReader - [client:400206]parse dir config information
2023-09-20 01:29:13.898 [pool-3-thread-1] INFO  com.rs.mv.mvvs.client.catalog.from.config.MappingConfigReader - [client:400207]parse mapping config information
2023-09-20 01:29:13.898 [pool-3-thread-1] INFO  com.rs.mv.mvvs.client.catalog.manager.U2CatalogManager - [client:400202]start a schedule task to get global/local catalog for CFDI40, its period 5s 
2023-09-20 01:29:13.898 [pool-3-thread-1] INFO  com.rs.mv.mvvs.client.catalog.manager.U2CatalogManager - [client:400203]cache file auto update thread launch in Tests account
2023-09-20 01:29:13.898 [pool-3-thread-1] INFO  com.rs.mv.mvvs.client.catalog.from.config.DirsConfigReader - [client:400206]parse dir config information
2023-09-20 01:29:13.898 [pool-3-thread-1] INFO  com.rs.mv.mvvs.client.catalog.from.config.MappingConfigReader - [client:400207]parse mapping config information
2023-09-20 01:29:13.898 [pool-3-thread-1] INFO  com.rs.mv.mvvs.client.catalog.manager.U2CatalogManager - [client:400202]start a schedule task to get global/local catalog for Tests, its period 5s 
2023-09-20 01:29:13.898 [pool-3-thread-1] INFO  com.rs.mv.mvvs.rmv.documentation.BasicDocumentation - [framework:30020101]documentation load start
2023-09-20 01:29:13.898 [pool-3-thread-1] INFO  com.rs.mv.mvvs.rmv.documentation.reader.SystemDocReader - [framework:30020102]system documentation path: /documentation/UNIVERSE/
2023-09-20 01:29:13.898 [pool-3-thread-1] INFO  com.rs.mv.mvvs.rmv.documentation.reader.ProjectDocReader - [framework:30020103]project documentation brief file: custom.json
2023-09-20 01:29:13.898 [pool-3-thread-1] INFO  com.rs.mv.mvvs.rmv.documentation.reader.UserDocReader - [framework:30020104]user documentation brief file: C:\Users\Marifer M\documentation\UNIVERSE\custom.json
2023-09-20 01:29:13.898 [pool-3-thread-1] INFO  com.rs.mv.mvvs.rmv.documentation.BasicDocumentation - [framework:30020105]documentation load end
2023-09-20 01:29:13.915 [pool-3-thread-1] INFO  com.rs.mv.mvvs.common.convertor.ConvertorManager - [framework:30030101]convertors for folder(*) load start
2023-09-20 01:29:13.915 [pool-3-thread-1] INFO  com.rs.mv.mvvs.common.convertor.ConvertorManager - [framework:30030102]comment convertor load finish
2023-09-20 01:29:13.915 [pool-3-thread-1] INFO  com.rs.mv.mvvs.common.convertor.ConvertorManager - [framework:30030103]keyword convertor load finish
2023-09-20 01:29:13.915 [pool-3-thread-1] INFO  com.rs.mv.mvvs.common.convertor.ConvertorManager - [framework:30030104]operator convertor load finish
2023-09-20 01:29:13.915 [pool-3-thread-1] INFO  com.rs.mv.mvvs.common.convertor.ConvertorManager - [framework:30030105]function name convertor load finish
2023-09-20 01:29:13.915 [pool-3-thread-1] INFO  com.rs.mv.mvvs.common.convertor.ConvertorManager - [framework:30030106]atVariable convertor load finish
2023-09-20 01:29:13.915 [pool-3-thread-1] INFO  com.rs.mv.mvvs.common.convertor.ConvertorManager - [framework:30030107]convertors for folder(*) load end
2023-09-20 01:29:13.915 [pool-3-thread-1] INFO  com.rs.mv.mvvs.client.catalog.manager.U2CatalogManager - [client:400203]cache file auto update thread launch in ... account
2023-09-20 01:29:13.915 [pool-3-thread-1] INFO  com.rs.mv.mvvs.client.catalog.from.config.DirsConfigReader - [client:400206]parse dir config information
2023-09-20 01:29:13.915 [pool-3-thread-1] INFO  com.rs.mv.mvvs.client.catalog.from.config.MappingConfigReader - [client:400207]parse mapping config information
2023-09-20 01:29:13.926 [pool-3-thread-1] INFO  com.rs.mv.mvvs.client.catalog.manager.U2CatalogManager - [client:400202]start a schedule task to get global/local catalog for ..., its period 5s 
2023-09-20 01:29:13.926 [pool-3-thread-1] INFO  com.rs.mv.mvvs.client.account.handler.ServerAccountHandler - [client:40010104]load server account: Account{name=Services, path=C:/Users/Marifer M/Downloads/tarea updateUt/sw-sdk-java/target/classes/Services, type=PREDICT}
Account{name=target, path=C:/Users/Marifer M/Downloads/tarea updateUt/sw-sdk-java/target, type=PREDICT}
Account{name=test, path=C:/Users/Marifer M/Downloads/tarea updateUt/sw-sdk-java/src/test, type=PREDICT}
Account{name=.git, path=C:/Users/Marifer M/Downloads/tarea updateUt/sw-sdk-java/.git, type=PREDICT}
Account{name=heads, path=C:/Users/Marifer M/Downloads/tarea updateUt/sw-sdk-java/.git/logs/refs/heads, type=PREDICT}
Account{name=origin, path=C:/Users/Marifer M/Downloads/tarea updateUt/sw-sdk-java/.git/logs/refs/remotes/origin, type=PREDICT}
Account{name=main, path=C:/Users/Marifer M/Downloads/tarea updateUt/sw-sdk-java/src/main, type=PREDICT}
Account{name=origin, path=C:/Users/Marifer M/Downloads/tarea updateUt/sw-sdk-java/.git/refs/remotes/origin, type=PREDICT}
Account{name=java, path=C:/Users/Marifer M/Downloads/tarea updateUt/sw-sdk-java/src/main/java, type=PREDICT}
Account{name=CFDI40, path=C:/Users/Marifer M/Downloads/tarea updateUt/sw-sdk-java/src/test/resources/CFDI40, type=PREDICT}
Account{name=Utils, path=C:/Users/Marifer M/Downloads/tarea updateUt/sw-sdk-java/src/main/java/Utils, type=PREDICT}
Account{name=Responses, path=C:/Users/Marifer M/Downloads/tarea updateUt/sw-sdk-java/target/classes/Utils/Responses, type=PREDICT}
Account{name=Services, path=C:/Users/Marifer M/Downloads/tarea updateUt/sw-sdk-java/src/main/java/Services, type=PREDICT}
Account{name=CFDI40, path=C:/Users/Marifer M/Downloads/tarea updateUt/sw-sdk-java/target/test-classes/CFDI40, type=PREDICT}
Account{name=sw-sdk-java, path=C:/Users/Marifer M/Downloads/tarea updateUt/sw-sdk-java, type=PREDICT}
Account{name=test-classes, path=C:/Users/Marifer M/Downloads/tarea updateUt/sw-sdk-java/target/test-classes, type=PREDICT}
Account{name=refs, path=C:/Users/Marifer M/Downloads/tarea updateUt/sw-sdk-java/.git/refs, type=PREDICT}
Account{name=Tests, path=C:/Users/Marifer M/Downloads/tarea updateUt/sw-sdk-java/target/test-classes/Tests, type=PREDICT}
Account{name=objects, path=C:/Users/Marifer M/Downloads/tarea updateUt/sw-sdk-java/.git/objects, type=PREDICT}
Account{name=remotes, path=C:/Users/Marifer M/Downloads/tarea updateUt/sw-sdk-java/.git/logs/refs/remotes, type=PREDICT}
Account{name=..., path=..., type=PREDICT}
2023-09-20 01:29:13.926 [pool-3-thread-1] INFO  com.rs.mv.mvvs.client.account.AccountManager - [client:40010105]load account manager finish
2023-09-20 01:29:13.930 [pool-3-thread-1] INFO  com.rs.mv.mvvs.instance.userspace.UserspaceManager - [framework:30010402]config file(C:\Users\Marifer M/.rmv/config) watcher launch successful
2023-09-20 01:29:49.098 [pool-3-thread-1] INFO  com.rs.mv.mvvs.client.catalog.from.scan.CurrentPathScanner - [client:400205]scan file in current open file directory(C:/Users/Marifer M/Downloads/tarea updateUt/sw-sdk-java/src/test/java/Tests/Cfdi40)
2023-09-20 01:30:06.362 [pool-3-thread-1] INFO  com.rs.mv.mvvs.client.catalog.from.scan.CurrentPathScanner - [client:400205]scan file in current open file directory(C:/Users/Marifer M/Downloads/tarea updateUt/sw-sdk-java/src/test/java/Tests/Stamp)
2023-09-20 01:30:21.031 [pool-3-thread-1] INFO  com.rs.mv.mvvs.client.catalog.from.scan.CurrentPathScanner - [client:400205]scan file in current open file directory(C:/Users/Marifer M/Downloads/tarea updateUt/sw-sdk-java/src/test/java/Tests)
2023-09-20 01:31:13.854 [pool-3-thread-1] INFO  com.rs.mv.mvvs.client.catalog.from.scan.CurrentPathScanner - [client:400205]scan file in current open file directory(C:/Users/Marifer M/Downloads/tarea updateUt/sw-sdk-java/src/test/java/Tests/Stamp)
2023-09-20 01:32:17.984 [pool-3-thread-1] INFO  com.rs.mv.mvvs.client.catalog.from.scan.CurrentPathScanner - [client:400205]scan file in current open file directory(C:/Users/Marifer M/Downloads/tarea updateUt/sw-sdk-java/src/test/resources/CFDI40/ComercioExterior11)
2023-09-20 10:04:36.821 [pool-3-thread-1] INFO  com.rs.mv.mvvs.client.catalog.from.scan.CurrentPathScanner - [client:400205]scan file in current open file directory(C:/Users/Marifer M/Downloads/tarea updateUt/sw-sdk-java/src/test/java/Tests/Stamp)
2023-09-20 10:04:44.194 [pool-3-thread-1] INFO  com.rs.mv.mvvs.client.catalog.from.scan.CurrentPathScanner - [client:400205]scan file in current open file directory(C:/Users/Marifer M/Downloads/tarea updateUt/sw-sdk-java/src/test/java/Tests/Cfdi40)
2023-09-20 10:04:52.506 [pool-3-thread-1] INFO  com.rs.mv.mvvs.client.catalog.from.scan.CurrentPathScanner - [client:400205]scan file in current open file directory(C:/Users/Marifer M/Downloads/tarea updateUt/sw-sdk-java/src/test/java/Tests/Stamp)
2023-09-20 10:04:57.720 [pool-3-thread-1] INFO  com.rs.mv.mvvs.client.catalog.from.scan.CurrentPathScanner - [client:400205]scan file in current open file directory(C:/Users/Marifer M/Downloads/tarea updateUt/sw-sdk-java/src/test/java/Tests)
2023-09-20 10:09:31.133 [pool-3-thread-1] INFO  com.rs.mv.mvvs.client.catalog.from.scan.CurrentPathScanner - [client:400205]scan file in current open file directory(C:/Users/Marifer M/Downloads/tarea updateUt/sw-sdk-java/src/test/java/Tests/Stamp)
2023-09-20 10:10:03.067 [pool-3-thread-1] INFO  com.rs.mv.mvvs.client.catalog.from.scan.CurrentPathScanner - [client:400205]scan file in current open file directory(C:/Users/Marifer M/Downloads/tarea updateUt/sw-sdk-java/src/test/resources/CFDI40/ComercioExterior11)
2023-09-20 10:11:08.147 [pool-3-thread-1] INFO  com.rs.mv.mvvs.client.catalog.from.scan.CurrentPathScanner - [client:400205]scan file in current open file directory(C:/Users/Marifer M/Downloads/tarea updateUt/sw-sdk-java/src/test/resources/CFDI40/Addenda)
2023-09-20 10:11:37.159 [pool-3-thread-1] INFO  com.rs.mv.mvvs.client.catalog.from.scan.CurrentPathScanner - [client:400205]scan file in current open file directory(C:/Users/Marifer M/Downloads/tarea updateUt/sw-sdk-java/src/test/java/Tests/Stamp)
2023-09-20 10:11:49.037 [pool-3-thread-1] INFO  com.rs.mv.mvvs.client.catalog.from.scan.CurrentPathScanner - [client:400205]scan file in current open file directory(C:/Users/Marifer M/Downloads/tarea updateUt/sw-sdk-java/src/test/java/Tests)
2023-09-20 10:13:46.371 [pool-3-thread-1] INFO  com.rs.mv.mvvs.client.catalog.from.scan.CurrentPathScanner - [client:400205]scan file in current open file directory(C:/Users/Marifer M/Downloads/tarea updateUt/sw-sdk-java/src/test/java/Tests)
2023-09-20 10:19:37.819 [pool-3-thread-1] INFO  com.rs.mv.mvvs.client.catalog.from.scan.CurrentPathScanner - [client:400205]scan file in current open file directory(C:/Users/Marifer M/Downloads/tarea updateUt/sw-sdk-java/src/test/java/Tests/helpers)
2023-09-20 10:20:29.269 [pool-3-thread-1] INFO  com.rs.mv.mvvs.client.catalog.from.scan.CurrentPathScanner - [client:400205]scan file in current open file directory(C:/Users/Marifer M/Downloads/tarea updateUt/sw-sdk-java/src/test/java/Tests)
2023-09-20 10:26:09.258 [pool-3-thread-1] INFO  com.rs.mv.mvvs.client.catalog.from.scan.CurrentPathScanner - [client:400205]scan file in current open file directory(C:/Users/Marifer M/Downloads/tarea updateUt/sw-sdk-java/src/test/java/Tests/Stamp)
2023-09-20 10:26:24.650 [pool-3-thread-1] INFO  com.rs.mv.mvvs.client.catalog.from.scan.CurrentPathScanner - [client:400205]scan file in current open file directory(C:/Users/Marifer M/Downloads/tarea updateUt/sw-sdk-java/src/test/java/Tests)
2023-09-20 10:44:27.164 [pool-3-thread-1] INFO  com.rs.mv.mvvs.client.catalog.from.scan.CurrentPathScanner - [client:400205]scan file in current open file directory(C:/Users/Marifer M/Downloads/tarea updateUt/sw-sdk-java/src/test/java/Tests/Stamp)
2023-09-20 10:45:04.763 [pool-3-thread-1] INFO  com.rs.mv.mvvs.client.catalog.from.scan.CurrentPathScanner - [client:400205]scan file in current open file directory(C:/Users/Marifer M/Downloads/tarea updateUt/sw-sdk-java/src/test/resources/CFDI40/ComercioExterior11)
2023-09-20 10:45:08.244 [pool-3-thread-1] INFO  com.rs.mv.mvvs.client.catalog.from.scan.CurrentPathScanner - [client:400205]scan file in current open file directory(C:/Users/Marifer M/Downloads/tarea updateUt/sw-sdk-java/src/test/java/Tests/Stamp)
2023-09-20 10:45:11.732 [pool-3-thread-1] INFO  com.rs.mv.mvvs.client.catalog.from.scan.CurrentPathScanner - [client:400205]scan file in current open file directory(C:/Users/Marifer M/Downloads/tarea updateUt/sw-sdk-java/src/test/java/Tests)
2023-09-20 10:45:14.681 [pool-3-thread-1] INFO  com.rs.mv.mvvs.client.catalog.from.scan.CurrentPathScanner - [client:400205]scan file in current open file directory(C:/Users/Marifer M/Downloads/tarea updateUt/sw-sdk-java/src/test/java/Tests/helpers)
2023-09-20 10:45:16.569 [pool-3-thread-1] INFO  com.rs.mv.mvvs.client.catalog.from.scan.CurrentPathScanner - [client:400205]scan file in current open file directory(C:/Users/Marifer M/Downloads/tarea updateUt/sw-sdk-java/src/test/java/Tests)
2023-09-20 10:46:13.094 [pool-3-thread-1] INFO  com.rs.mv.mvvs.client.catalog.from.scan.CurrentPathScanner - [client:400205]scan file in current open file directory(C:/Users/Marifer M/Downloads/tarea updateUt/sw-sdk-java/src/test/java/Tests)
2023-09-20 11:02:52.507 [pool-3-thread-1] INFO  com.rs.mv.mvvs.client.catalog.from.scan.CurrentPathScanner - [client:400205]scan file in current open file directory(C:/Users/Marifer M/Downloads/tarea updateUt/sw-sdk-java/src/test/java/Tests/Stamp)
2023-09-20 11:03:15.646 [pool-3-thread-1] INFO  com.rs.mv.mvvs.client.catalog.from.scan.CurrentPathScanner - [client:400205]scan file in current open file directory(C:/Users/Marifer M/Downloads/tarea updateUt/sw-sdk-java/src/test/java/Tests)
2023-09-20 11:07:17.475 [pool-3-thread-1] INFO  com.rs.mv.mvvs.client.catalog.from.scan.CurrentPathScanner - [client:400205]scan file in current open file directory(C:/Users/Marifer M/Downloads/tarea updateUt/sw-sdk-java/src/test/java/Tests)
2023-09-20 11:08:32.236 [pool-3-thread-1] INFO  com.rs.mv.mvvs.client.catalog.from.scan.CurrentPathScanner - [client:400205]scan file in current open file directory(C:/Users/Marifer M/Downloads/tarea updateUt/sw-sdk-java/src/test/java/Tests)
2023-09-20 11:22:16.831 [pool-3-thread-1] INFO  com.rs.mv.mvvs.client.catalog.from.scan.CurrentPathScanner - [client:400205]scan file in current open file directory(C:/Users/Marifer M/Downloads/tarea updateUt/sw-sdk-java/src/test/java/Tests/Cfdi40)
2023-09-20 11:22:37.925 [pool-3-thread-1] INFO  com.rs.mv.mvvs.client.catalog.from.scan.CurrentPathScanner - [client:400205]scan file in current open file directory(C:/Users/Marifer M/Downloads/tarea updateUt/sw-sdk-java/src/test/java/Tests)
2023-09-20 11:26:19.619 [pool-3-thread-1] INFO  com.rs.mv.mvvs.client.catalog.from.scan.CurrentPathScanner - [client:400205]scan file in current open file directory(C:/Users/Marifer M/Downloads/tarea updateUt/sw-sdk-java/src/test/java/Tests/Cancelation)
2023-09-20 11:26:37.933 [pool-3-thread-1] INFO  com.rs.mv.mvvs.client.catalog.from.scan.CurrentPathScanner - [client:400205]scan file in current open file directory(C:/Users/Marifer M/Downloads/tarea updateUt/sw-sdk-java/src/test/java/Tests)
2023-09-20 11:31:18.019 [pool-3-thread-1] INFO  com.rs.mv.mvvs.client.catalog.from.scan.CurrentPathScanner - [client:400205]scan file in current open file directory(C:/Users/Marifer M/Downloads/tarea updateUt/sw-sdk-java/src/test/java/Tests/Cfdi40)
2023-09-20 11:31:37.463 [pool-3-thread-1] INFO  com.rs.mv.mvvs.client.catalog.from.scan.CurrentPathScanner - [client:400205]scan file in current open file directory(C:/Users/Marifer M/Downloads/tarea updateUt/sw-sdk-java/src/test/java/Tests/helpers)
2023-09-20 11:32:11.553 [pool-3-thread-1] INFO  com.rs.mv.mvvs.client.catalog.from.scan.CurrentPathScanner - [client:400205]scan file in current open file directory(C:/Users/Marifer M/Downloads/tarea updateUt/sw-sdk-java/src/test/java/Tests/Cfdi40)
2023-09-20 11:32:17.795 [pool-3-thread-1] INFO  com.rs.mv.mvvs.client.catalog.from.scan.CurrentPathScanner - [client:400205]scan file in current open file directory(C:/Users/Marifer M/Downloads/tarea updateUt/sw-sdk-java/src/test/java/Tests)
2023-09-20 11:35:43.510 [pool-3-thread-1] INFO  com.rs.mv.mvvs.client.catalog.from.scan.CurrentPathScanner - [client:400205]scan file in current open file directory(C:/Users/Marifer M/Downloads/tarea updateUt/sw-sdk-java/src/test/java/Tests/helpers)
2023-09-20 11:36:06.728 [pool-3-thread-1] INFO  com.rs.mv.mvvs.client.catalog.from.scan.CurrentPathScanner - [client:400205]scan file in current open file directory(C:/Users/Marifer M/Downloads/tarea updateUt/sw-sdk-java/src/test/java/Tests/helpers)
2023-09-20 11:39:46.154 [pool-3-thread-1] INFO  com.rs.mv.mvvs.client.catalog.from.scan.CurrentPathScanner - [client:400205]scan file in current open file directory(C:/Users/Marifer M/Downloads/tarea updateUt/sw-sdk-java/src/test/java/Tests)
2023-09-20 11:41:12.330 [pool-3-thread-1] INFO  com.rs.mv.mvvs.client.catalog.from.scan.CurrentPathScanner - [client:400205]scan file in current open file directory(C:/Users/Marifer M/Downloads/tarea updateUt/sw-sdk-java/src/test/java/Tests/Cfdi40)
2023-09-20 11:41:17.759 [pool-3-thread-1] INFO  com.rs.mv.mvvs.client.catalog.from.scan.CurrentPathScanner - [client:400205]scan file in current open file directory(C:/Users/Marifer M/Downloads/tarea updateUt/sw-sdk-java/src/test/java/Tests)
2023-09-20 11:43:17.070 [pool-3-thread-1] INFO  com.rs.mv.mvvs.client.catalog.from.scan.CurrentPathScanner - [client:400205]scan file in current open file directory(C:/Users/Marifer M/Downloads/tarea updateUt/sw-sdk-java/src/test/java/Tests/Cfdi40)
2023-09-20 11:50:30.285 [pool-3-thread-1] INFO  com.rs.mv.mvvs.client.catalog.from.scan.CurrentPathScanner - [client:400205]scan file in current open file directory(C:/Users/Marifer M/Downloads/tarea updateUt/sw-sdk-java/src/test/java/Tests/helpers)
2023-09-20 11:50:57.879 [pool-3-thread-1] INFO  com.rs.mv.mvvs.client.catalog.from.scan.CurrentPathScanner - [client:400205]scan file in current open file directory(C:/Users/Marifer M/Downloads/tarea updateUt/sw-sdk-java/src/test/java/Tests/Cfdi40)
2023-09-20 11:52:20.153 [pool-3-thread-1] INFO  com.rs.mv.mvvs.client.catalog.from.scan.CurrentPathScanner - [client:400205]scan file in current open file directory(C:/Users/Marifer M/Downloads/tarea updateUt/sw-sdk-java/src/test/resources/CFDI40/CFDI40)
2023-09-20 11:59:24.378 [pool-3-thread-1] INFO  com.rs.mv.mvvs.client.catalog.from.scan.CurrentPathScanner - [client:400205]scan file in current open file directory(C:/Users/Marifer M/Downloads/tarea updateUt/sw-sdk-java/src/test/java/Tests/Cfdi40)
2023-09-20 11:59:38.319 [pool-3-thread-1] INFO  com.rs.mv.mvvs.client.catalog.from.scan.CurrentPathScanner - [client:400205]scan file in current open file directory(C:/Users/Marifer M/Downloads/tarea updateUt/sw-sdk-java/src/test/java/Tests)
2023-09-20 12:04:14.579 [pool-3-thread-1] INFO  com.rs.mv.mvvs.client.catalog.from.scan.CurrentPathScanner - [client:400205]scan file in current open file directory(C:/Users/Marifer M/Downloads/tarea updateUt/sw-sdk-java/src/test/resources/CFDI40/CFDI40)
2023-09-20 12:04:41.440 [pool-3-thread-1] INFO  com.rs.mv.mvvs.client.catalog.from.scan.CurrentPathScanner - [client:400205]scan file in current open file directory(C:/Users/Marifer M/Downloads/tarea updateUt/sw-sdk-java/src/test/resources/CFDI40/CFDI40)
2023-09-20 12:06:18.279 [pool-3-thread-1] INFO  com.rs.mv.mvvs.client.catalog.from.scan.CurrentPathScanner - [client:400205]scan file in current open file directory(C:/Users/Marifer M/Downloads/tarea updateUt/sw-sdk-java/src/test/java/Tests/Cfdi40)
2023-09-20 12:06:43.899 [pool-3-thread-1] INFO  com.rs.mv.mvvs.client.catalog.from.scan.CurrentPathScanner - [client:400205]scan file in current open file directory(C:/Users/Marifer M/Downloads/tarea updateUt/sw-sdk-java/src/test/resources/CFDI40/CFDI40)
2023-09-20 12:06:45.406 [pool-3-thread-1] INFO  com.rs.mv.mvvs.client.catalog.from.scan.CurrentPathScanner - [client:400205]scan file in current open file directory(C:/Users/Marifer M/Downloads/tarea updateUt/sw-sdk-java/src/test/resources/CFDI40/CFDI40)
2023-09-20 12:06:47.209 [pool-3-thread-1] INFO  com.rs.mv.mvvs.client.catalog.from.scan.CurrentPathScanner - [client:400205]scan file in current open file directory(C:/Users/Marifer M/Downloads/tarea updateUt/sw-sdk-java/src/test/resources/CFDI40/CFDI40)
2023-09-20 12:08:10.539 [pool-3-thread-1] INFO  com.rs.mv.mvvs.client.catalog.from.scan.CurrentPathScanner - [client:400205]scan file in current open file directory(C:/Users/Marifer M/Downloads/tarea updateUt/sw-sdk-java/src/test/java/Tests/Issue)
2023-09-20 12:13:02.939 [pool-3-thread-1] INFO  com.rs.mv.mvvs.client.catalog.from.scan.CurrentPathScanner - [client:400205]scan file in current open file directory(C:/Users/Marifer M/Downloads/tarea updateUt/sw-sdk-java/src/test/java/Tests/Stamp)
2023-09-20 12:13:59.752 [pool-3-thread-1] INFO  com.rs.mv.mvvs.client.catalog.from.scan.CurrentPathScanner - [client:400205]scan file in current open file directory(C:/Users/Marifer M/Downloads/tarea updateUt/sw-sdk-java/src/test/java/Tests/Stamp)
2023-09-20 12:14:17.841 [pool-3-thread-1] INFO  com.rs.mv.mvvs.client.catalog.from.scan.CurrentPathScanner - [client:400205]scan file in current open file directory(C:/Users/Marifer M/Downloads/tarea updateUt/sw-sdk-java/src/test/java/Tests/Cfdi40)
2023-09-20 12:16:00.480 [pool-3-thread-1] INFO  com.rs.mv.mvvs.client.catalog.from.scan.CurrentPathScanner - [client:400205]scan file in current open file directory(C:/Users/Marifer M/Downloads/tarea updateUt/sw-sdk-java/src/test/java/Tests/Cfdi40)
2023-09-20 12:21:10.638 [pool-3-thread-1] INFO  com.rs.mv.mvvs.client.catalog.from.scan.CurrentPathScanner - [client:400205]scan file in current open file directory(C:/Users/Marifer M/Downloads/tarea updateUt/sw-sdk-java/src/test/java/Tests/Issue)
2023-09-20 12:21:40.147 [pool-3-thread-1] INFO  com.rs.mv.mvvs.client.catalog.from.scan.CurrentPathScanner - [client:400205]scan file in current open file directory(C:/Users/Marifer M/Downloads/tarea updateUt/sw-sdk-java/src/test/java/Tests/Stamp)
2023-09-20 12:22:10.172 [pool-3-thread-1] INFO  com.rs.mv.mvvs.client.catalog.from.scan.CurrentPathScanner - [client:400205]scan file in current open file directory(C:/Users/Marifer M/Downloads/tarea updateUt/sw-sdk-java/src/test/java/Tests)
2023-09-20 12:32:21.877 [pool-3-thread-1] INFO  com.rs.mv.mvvs.client.catalog.from.scan.CurrentPathScanner - [client:400205]scan file in current open file directory(C:/Users/Marifer M/Downloads/tarea updateUt/sw-sdk-java/src/test/resources/CFDI40/ComercioExterior11)
2023-09-20 12:35:37.835 [pool-3-thread-1] INFO  com.rs.mv.mvvs.client.catalog.from.scan.CurrentPathScanner - [client:400205]scan file in current open file directory(C:/Users/Marifer M/Downloads/tarea updateUt/sw-sdk-java/src/test/resources/CFDI40/CFDI40)
2023-09-20 12:35:39.014 [pool-3-thread-1] INFO  com.rs.mv.mvvs.client.catalog.from.scan.CurrentPathScanner - [client:400205]scan file in current open file directory(C:/Users/Marifer M/Downloads/tarea updateUt/sw-sdk-java/src/test/resources/CFDI40/ComercioExterior11)
2023-09-20 12:35:47.594 [pool-3-thread-1] INFO  com.rs.mv.mvvs.client.catalog.from.scan.CurrentPathScanner - [client:400205]scan file in current open file directory(C:/Users/Marifer M/Downloads/tarea updateUt/sw-sdk-java/src/test/java/Tests)
2023-09-20 12:37:48.959 [pool-3-thread-1] INFO  com.rs.mv.mvvs.client.catalog.from.scan.CurrentPathScanner - [client:400205]scan file in current open file directory(C:/Users/Marifer M/Downloads/tarea updateUt/sw-sdk-java/src/test/resources/CFDI40/Pagos20)
2023-09-20 12:39:41.203 [pool-3-thread-1] INFO  com.rs.mv.mvvs.client.catalog.from.scan.CurrentPathScanner - [client:400205]scan file in current open file directory(C:/Users/Marifer M/Downloads/tarea updateUt/sw-sdk-java/src/test/java/Tests)
2023-09-20 12:39:50.374 [pool-3-thread-1] INFO  com.rs.mv.mvvs.client.catalog.from.scan.CurrentPathScanner - [client:400205]scan file in current open file directory(C:/Users/Marifer M/Downloads/tarea updateUt/sw-sdk-java/src/test/resources/CFDI40/Nomina12)
2023-09-20 12:40:58.597 [pool-3-thread-1] INFO  com.rs.mv.mvvs.client.catalog.from.scan.CurrentPathScanner - [client:400205]scan file in current open file directory(C:/Users/Marifer M/Downloads/tarea updateUt/sw-sdk-java/src/test/java/Tests)
2023-09-20 12:41:12.997 [pool-3-thread-1] INFO  com.rs.mv.mvvs.client.catalog.from.scan.CurrentPathScanner - [client:400205]scan file in current open file directory(C:/Users/Marifer M/Downloads/tarea updateUt/sw-sdk-java/src/test/resources/CFDI40/ComercioExterior11)
2023-09-20 12:43:37.858 [pool-3-thread-1] INFO  com.rs.mv.mvvs.client.catalog.from.scan.CurrentPathScanner - [client:400205]scan file in current open file directory(C:/Users/Marifer M/Downloads/tarea updateUt/sw-sdk-java/src/test/java/Tests)
2023-09-20 12:45:52.903 [pool-3-thread-1] INFO  com.rs.mv.mvvs.client.catalog.from.scan.CurrentPathScanner - [client:400205]scan file in current open file directory(C:/Users/Marifer M/Downloads/tarea updateUt/sw-sdk-java/src/test/java/Tests/Stamp)
2023-09-20 12:51:10.571 [pool-3-thread-1] INFO  com.rs.mv.mvvs.client.catalog.from.scan.CurrentPathScanner - [client:400205]scan file in current open file directory(C:/Users/Marifer M/Downloads/tarea updateUt/sw-sdk-java/src/test/java/Tests/Stamp)
2023-09-20 12:51:25.717 [pool-3-thread-1] INFO  com.rs.mv.mvvs.client.catalog.from.scan.CurrentPathScanner - [client:400205]scan file in current open file directory(C:/Users/Marifer M/Downloads/tarea updateUt/sw-sdk-java/src/test/java/Tests)
2023-09-20 12:54:48.360 [pool-3-thread-1] INFO  com.rs.mv.mvvs.client.catalog.from.scan.CurrentPathScanner - [client:400205]scan file in current open file directory(C:/Users/Marifer M/Downloads/tarea updateUt/sw-sdk-java/src/test/resources/CFDI40/ComercioExterior11)
2023-09-20 12:55:02.391 [pool-3-thread-1] INFO  com.rs.mv.mvvs.client.catalog.from.scan.CurrentPathScanner - [client:400205]scan file in current open file directory(C:/Users/Marifer M/Downloads/tarea updateUt/sw-sdk-java/src/test/java/Tests/Stamp)
2023-09-20 12:55:10.212 [pool-3-thread-1] INFO  com.rs.mv.mvvs.client.catalog.from.scan.CurrentPathScanner - [client:400205]scan file in current open file directory(C:/Users/Marifer M/Downloads/tarea updateUt/sw-sdk-java/src/test/resources/CFDI40/ComercioExterior11)
2023-09-20 12:55:44.747 [pool-3-thread-1] INFO  com.rs.mv.mvvs.client.catalog.from.scan.CurrentPathScanner - [client:400205]scan file in current open file directory(C:/Users/Marifer M/Downloads/tarea updateUt/sw-sdk-java/src/test/java/Tests/Stamp)
2023-09-20 13:00:19.437 [pool-3-thread-1] INFO  com.rs.mv.mvvs.client.catalog.from.scan.CurrentPathScanner - [client:400205]scan file in current open file directory(C:/Users/Marifer M/Downloads/tarea updateUt/sw-sdk-java/src/test/java/Tests/Stamp)
2023-09-20 13:02:16.078 [pool-3-thread-1] INFO  com.rs.mv.mvvs.client.catalog.from.scan.CurrentPathScanner - [client:400205]scan file in current open file directory(C:/Users/Marifer M/Downloads/tarea updateUt/sw-sdk-java/src/test/java/Tests/Stamp)
2023-09-20 13:02:23.867 [pool-3-thread-1] INFO  com.rs.mv.mvvs.client.catalog.from.scan.CurrentPathScanner - [client:400205]scan file in current open file directory(C:/Users/Marifer M/Downloads/tarea updateUt/sw-sdk-java/src/test/java/Tests/Stamp)
2023-09-20 13:02:54.649 [pool-3-thread-1] INFO  com.rs.mv.mvvs.client.catalog.from.scan.CurrentPathScanner - [client:400205]scan file in current open file directory(C:/Users/Marifer M/Downloads/tarea updateUt/sw-sdk-java/src/main/java/Services/Stamp)
2023-09-20 13:03:16.432 [pool-3-thread-1] INFO  com.rs.mv.mvvs.client.catalog.from.scan.CurrentPathScanner - [client:400205]scan file in current open file directory(C:/Users/Marifer M/Downloads/tarea updateUt/sw-sdk-java/src/test/resources/CFDI40/ComercioExterior11)
2023-09-20 13:03:19.025 [pool-3-thread-1] INFO  com.rs.mv.mvvs.client.catalog.from.scan.CurrentPathScanner - [client:400205]scan file in current open file directory(C:/Users/Marifer M/Downloads/tarea updateUt/sw-sdk-java/src/test/java/Tests)
2023-09-20 13:03:22.597 [pool-3-thread-1] INFO  com.rs.mv.mvvs.client.catalog.from.scan.CurrentPathScanner - [client:400205]scan file in current open file directory(C:/Users/Marifer M/Downloads/tarea updateUt/sw-sdk-java/src/test/java/Tests/Stamp)
2023-09-20 13:04:09.856 [pool-3-thread-1] INFO  com.rs.mv.mvvs.client.catalog.from.scan.CurrentPathScanner - [client:400205]scan file in current open file directory(C:/Users/Marifer M/Downloads/tarea updateUt/sw-sdk-java/src/test/java/Tests/Stamp)
2023-09-20 13:04:28.602 [pool-3-thread-1] INFO  com.rs.mv.mvvs.client.catalog.from.scan.CurrentPathScanner - [client:400205]scan file in current open file directory(C:/Users/Marifer M/Downloads/tarea updateUt/sw-sdk-java/src/test/java/Tests/Stamp)
2023-09-20 13:05:14.203 [pool-3-thread-1] INFO  com.rs.mv.mvvs.client.catalog.from.scan.CurrentPathScanner - [client:400205]scan file in current open file directory(C:/Users/Marifer M/Downloads/tarea updateUt/sw-sdk-java/src/test/java/Tests)
2023-09-20 13:05:27.058 [pool-3-thread-1] INFO  com.rs.mv.mvvs.client.catalog.from.scan.CurrentPathScanner - [client:400205]scan file in current open file directory(C:/Users/Marifer M/Downloads/tarea updateUt/sw-sdk-java/src/test/resources/CFDI40/Addenda)
2023-09-20 13:06:16.227 [pool-3-thread-1] INFO  com.rs.mv.mvvs.client.catalog.from.scan.CurrentPathScanner - [client:400205]scan file in current open file directory(C:/Users/Marifer M/Downloads/tarea updateUt/sw-sdk-java/src/test/java/Tests)
2023-09-20 13:06:55.366 [pool-3-thread-1] INFO  com.rs.mv.mvvs.client.catalog.from.scan.CurrentPathScanner - [client:400205]scan file in current open file directory(C:/Users/Marifer M/Downloads/tarea updateUt/sw-sdk-java/src/test/java/Tests/AcceptReject)
2023-09-20 13:07:02.468 [pool-3-thread-1] INFO  com.rs.mv.mvvs.client.catalog.from.scan.CurrentPathScanner - [client:400205]scan file in current open file directory(C:/Users/Marifer M/Downloads/tarea updateUt/sw-sdk-java/src/test/java/Tests/Cfdi40)
2023-09-20 13:07:21.545 [pool-3-thread-1] INFO  com.rs.mv.mvvs.client.catalog.from.scan.CurrentPathScanner - [client:400205]scan file in current open file directory(C:/Users/Marifer M/Downloads/tarea updateUt/sw-sdk-java/src/test/java/Tests/AcceptReject)
2023-09-20 13:07:24.084 [pool-3-thread-1] INFO  com.rs.mv.mvvs.client.catalog.from.scan.CurrentPathScanner - [client:400205]scan file in current open file directory(C:/Users/Marifer M/Downloads/tarea updateUt/sw-sdk-java/src/test/java/Tests)
2023-09-20 13:07:33.576 [pool-3-thread-1] INFO  com.rs.mv.mvvs.client.catalog.from.scan.CurrentPathScanner - [client:400205]scan file in current open file directory(C:/Users/Marifer M/Downloads/tarea updateUt/sw-sdk-java/src/test/java/Tests/Stamp)
2023-09-20 13:07:50.621 [pool-3-thread-1] INFO  com.rs.mv.mvvs.client.catalog.from.scan.CurrentPathScanner - [client:400205]scan file in current open file directory(C:/Users/Marifer M/Downloads/tarea updateUt/sw-sdk-java/src/main/java/Services/Stamp)
2023-09-20 13:08:06.278 [pool-3-thread-1] INFO  com.rs.mv.mvvs.client.catalog.from.scan.CurrentPathScanner - [client:400205]scan file in current open file directory(C:/Users/Marifer M/Downloads/tarea updateUt/sw-sdk-java/src/main/java/Utils/Requests/Stamp)
2023-09-20 13:08:37.048 [pool-3-thread-1] INFO  com.rs.mv.mvvs.client.catalog.from.scan.CurrentPathScanner - [client:400205]scan file in current open file directory(C:/Users/Marifer M/Downloads/tarea updateUt/sw-sdk-java/src/main/java/Utils/Requests)
2023-09-20 13:08:55.508 [pool-3-thread-1] INFO  com.rs.mv.mvvs.client.catalog.from.scan.CurrentPathScanner - [client:400205]scan file in current open file directory(C:/Users/Marifer M/Downloads/tarea updateUt/sw-sdk-java/src/main/java/Services/Stamp)
2023-09-20 13:09:10.265 [pool-3-thread-1] INFO  com.rs.mv.mvvs.client.catalog.from.scan.CurrentPathScanner - [client:400205]scan file in current open file directory(C:/Users/Marifer M/Downloads/tarea updateUt/sw-sdk-java/src/main/java/Utils/Requests/Stamp)
2023-09-20 13:10:21.339 [pool-3-thread-1] INFO  com.rs.mv.mvvs.client.catalog.from.scan.CurrentPathScanner - [client:400205]scan file in current open file directory(C:/Users/Marifer M/Downloads/tarea updateUt/sw-sdk-java/src/test/java/Tests/Stamp)
2023-09-20 13:13:00.524 [pool-3-thread-1] INFO  com.rs.mv.mvvs.client.catalog.from.scan.CurrentPathScanner - [client:400205]scan file in current open file directory(C:/Users/Marifer M/Downloads/tarea updateUt/sw-sdk-java/src/test/java/Tests/Stamp)
2023-09-20 13:30:20.335 [pool-3-thread-1] INFO  com.rs.mv.mvvs.client.catalog.from.scan.CurrentPathScanner - [client:400205]scan file in current open file directory(C:/Users/Marifer M/Downloads/tarea updateUt/sw-sdk-java/src/test/java/Tests/Stamp)
2023-09-20 13:38:59.224 [pool-3-thread-1] INFO  com.rs.mv.mvvs.client.catalog.from.scan.CurrentPathScanner - [client:400205]scan file in current open file directory(C:/Users/Marifer M/Downloads/tarea updateUt/sw-sdk-java/src/test/java/Tests/Stamp)
2023-09-20 13:46:41.732 [pool-3-thread-1] INFO  com.rs.mv.mvvs.client.catalog.from.scan.CurrentPathScanner - [client:400205]scan file in current open file directory(C:/Users/Marifer M/Downloads/tarea updateUt/sw-sdk-java/src/test/java/Tests/Stamp)
2023-09-20 13:49:29.806 [pool-3-thread-1] INFO  com.rs.mv.mvvs.client.catalog.from.scan.CurrentPathScanner - [client:400205]scan file in current open file directory(C:/Users/Marifer M/Downloads/tarea updateUt/sw-sdk-java/src/test/java/Tests)
2023-09-20 13:49:42.470 [pool-3-thread-1] INFO  com.rs.mv.mvvs.client.catalog.from.scan.CurrentPathScanner - [client:400205]scan file in current open file directory(C:/Users/Marifer M/Downloads/tarea updateUt/sw-sdk-java/src/test/java/Tests/Stamp)
2023-09-20 13:49:46.151 [pool-3-thread-1] INFO  com.rs.mv.mvvs.client.catalog.from.scan.CurrentPathScanner - [client:400205]scan file in current open file directory(C:/Users/Marifer M/Downloads/tarea updateUt/sw-sdk-java/src/main/java/Utils/Requests/Stamp)
2023-09-20 13:49:47.727 [pool-3-thread-1] INFO  com.rs.mv.mvvs.client.catalog.from.scan.CurrentPathScanner - [client:400205]scan file in current open file directory(C:/Users/Marifer M/Downloads/tarea updateUt/sw-sdk-java/src/test/java/Tests)
2023-09-20 13:50:05.983 [pool-3-thread-1] INFO  com.rs.mv.mvvs.client.catalog.from.scan.CurrentPathScanner - [client:400205]scan file in current open file directory(C:/Users/Marifer M/Downloads/tarea updateUt/sw-sdk-java/src/main/java/Utils/Requests/Stamp)
2023-09-20 13:50:09.260 [pool-3-thread-1] INFO  com.rs.mv.mvvs.client.catalog.from.scan.CurrentPathScanner - [client:400205]scan file in current open file directory(C:/Users/Marifer M/Downloads/tarea updateUt/sw-sdk-java/src/main/java/Services/Stamp)
2023-09-20 13:50:12.161 [pool-3-thread-1] INFO  com.rs.mv.mvvs.client.catalog.from.scan.CurrentPathScanner - [client:400205]scan file in current open file directory(C:/Users/Marifer M/Downloads/tarea updateUt/sw-sdk-java/src/test/java/Tests/Stamp)
2023-09-20 13:51:01.910 [pool-3-thread-1] INFO  com.rs.mv.mvvs.client.catalog.from.scan.CurrentPathScanner - [client:400205]scan file in current open file directory(C:/Users/Marifer M/Downloads/tarea updateUt/sw-sdk-java/src/test/java/Tests)
2023-09-20 13:51:22.733 [pool-3-thread-1] INFO  com.rs.mv.mvvs.client.catalog.from.scan.CurrentPathScanner - [client:400205]scan file in current open file directory(C:/Users/Marifer M/Downloads/tarea updateUt/sw-sdk-java/src/main/java/Services/Stamp)
2023-09-20 13:51:28.275 [pool-3-thread-1] INFO  com.rs.mv.mvvs.client.catalog.from.scan.CurrentPathScanner - [client:400205]scan file in current open file directory(C:/Users/Marifer M/Downloads/tarea updateUt/sw-sdk-java/src/test/java/Tests/Stamp)
2023-09-20 13:55:38.145 [pool-3-thread-1] INFO  com.rs.mv.mvvs.client.catalog.from.scan.CurrentPathScanner - [client:400205]scan file in current open file directory(C:/Users/Marifer M/Downloads/tarea updateUt/sw-sdk-java/src/test/java/Tests)
2023-09-20 13:55:40.631 [pool-3-thread-1] INFO  com.rs.mv.mvvs.client.catalog.from.scan.CurrentPathScanner - [client:400205]scan file in current open file directory(C:/Users/Marifer M/Downloads/tarea updateUt/sw-sdk-java/src/test/java/Tests/Stamp)
2023-09-20 13:55:42.680 [pool-3-thread-1] INFO  com.rs.mv.mvvs.client.catalog.from.scan.CurrentPathScanner - [client:400205]scan file in current open file directory(C:/Users/Marifer M/Downloads/tarea updateUt/sw-sdk-java/src/test/java/Tests)
2023-09-20 13:56:38.033 [pool-3-thread-1] INFO  com.rs.mv.mvvs.client.catalog.from.scan.CurrentPathScanner - [client:400205]scan file in current open file directory(C:/Users/Marifer M/Downloads/tarea updateUt/sw-sdk-java/src/test/java/Tests/AcceptReject)
2023-09-20 13:58:31.944 [pool-3-thread-1] INFO  com.rs.mv.mvvs.client.catalog.from.scan.CurrentPathScanner - [client:400205]scan file in current open file directory(C:/Users/Marifer M/Downloads/tarea updateUt/sw-sdk-java/src/test/java/Tests)
2023-09-20 14:06:52.679 [pool-3-thread-1] INFO  com.rs.mv.mvvs.client.catalog.from.scan.CurrentPathScanner - [client:400205]scan file in current open file directory(C:/Users/Marifer M/Downloads/tarea updateUt/sw-sdk-java/src/test/java/Tests/Cancelation)
2023-09-20 14:07:26.626 [pool-3-thread-1] INFO  com.rs.mv.mvvs.client.catalog.from.scan.CurrentPathScanner - [client:400205]scan file in current open file directory(C:/Users/Marifer M/Downloads/tarea updateUt/sw-sdk-java/src/test/java/Tests)
2023-09-20 14:07:35.195 [pool-3-thread-1] INFO  com.rs.mv.mvvs.client.catalog.from.scan.CurrentPathScanner - [client:400205]scan file in current open file directory(C:/Users/Marifer M/Downloads/tarea updateUt/sw-sdk-java/src/test/java/Tests/Cancelation)
2023-09-20 14:07:36.322 [pool-3-thread-1] INFO  com.rs.mv.mvvs.client.catalog.from.scan.CurrentPathScanner - [client:400205]scan file in current open file directory(C:/Users/Marifer M/Downloads/tarea updateUt/sw-sdk-java/src/test/java/Tests)
2023-09-20 14:07:38.396 [pool-3-thread-1] INFO  com.rs.mv.mvvs.client.catalog.from.scan.CurrentPathScanner - [client:400205]scan file in current open file directory(C:/Users/Marifer M/Downloads/tarea updateUt/sw-sdk-java/src/test/java/Tests/Cancelation)
2023-09-20 14:08:20.825 [pool-3-thread-1] INFO  com.rs.mv.mvvs.client.catalog.from.scan.CurrentPathScanner - [client:400205]scan file in current open file directory(C:/Users/Marifer M/Downloads/tarea updateUt/sw-sdk-java/src/test/java/Tests)
2023-09-20 14:13:45.665 [pool-3-thread-1] INFO  com.rs.mv.mvvs.client.catalog.from.scan.CurrentPathScanner - [client:400205]scan file in current open file directory(C:/Users/Marifer M/Downloads/tarea updateUt/sw-sdk-java/src/test/java/Tests/Cancelation)
2023-09-20 14:14:26.446 [pool-3-thread-1] INFO  com.rs.mv.mvvs.client.catalog.from.scan.CurrentPathScanner - [client:400205]scan file in current open file directory(C:/Users/Marifer M/Downloads/tarea updateUt/sw-sdk-java/src/test/java/Tests)
2023-09-20 14:16:24.006 [pool-3-thread-1] INFO  com.rs.mv.mvvs.client.catalog.from.scan.CurrentPathScanner - [client:400205]scan file in current open file directory(C:/Users/Marifer M/Downloads/tarea updateUt/sw-sdk-java/src/test/java/Tests/helpers)
2023-09-20 14:16:29.689 [pool-3-thread-1] INFO  com.rs.mv.mvvs.client.catalog.from.scan.CurrentPathScanner - [client:400205]scan file in current open file directory(C:/Users/Marifer M/Downloads/tarea updateUt/sw-sdk-java/src/test/java/Tests)
2023-09-20 14:16:37.285 [pool-3-thread-1] INFO  com.rs.mv.mvvs.client.catalog.from.scan.CurrentPathScanner - [client:400205]scan file in current open file directory(C:/Users/Marifer M/Downloads/tarea updateUt/sw-sdk-java/src/test/java/Tests/Cancelation)
2023-09-20 14:17:14.949 [pool-3-thread-1] INFO  com.rs.mv.mvvs.client.catalog.from.scan.CurrentPathScanner - [client:400205]scan file in current open file directory(C:/Users/Marifer M/Downloads/tarea updateUt/sw-sdk-java/src/test/java/Tests)
2023-09-20 14:17:47.370 [pool-3-thread-1] INFO  com.rs.mv.mvvs.client.catalog.from.scan.CurrentPathScanner - [client:400205]scan file in current open file directory(C:/Users/Marifer M/Downloads/tarea updateUt/sw-sdk-java/src/test/java/Tests/Cancelation)
2023-09-20 14:17:56.352 [pool-3-thread-1] INFO  com.rs.mv.mvvs.client.catalog.from.scan.CurrentPathScanner - [client:400205]scan file in current open file directory(C:/Users/Marifer M/Downloads/tarea updateUt/sw-sdk-java/src/test/java/Tests)
2023-09-20 14:18:45.029 [pool-3-thread-1] INFO  com.rs.mv.mvvs.client.catalog.from.scan.CurrentPathScanner - [client:400205]scan file in current open file directory(C:/Users/Marifer M/Downloads/tarea updateUt/sw-sdk-java/src/test/java/Tests/Cancelation)
2023-09-20 14:19:10.559 [pool-3-thread-1] INFO  com.rs.mv.mvvs.client.catalog.from.scan.CurrentPathScanner - [client:400205]scan file in current open file directory(C:/Users/Marifer M/Downloads/tarea updateUt/sw-sdk-java/src/test/java/Tests)
2023-09-20 14:19:25.015 [pool-3-thread-1] INFO  com.rs.mv.mvvs.client.catalog.from.scan.CurrentPathScanner - [client:400205]scan file in current open file directory(C:/Users/Marifer M/Downloads/tarea updateUt/sw-sdk-java/src/test/java/Tests/Cancelation)
2023-09-20 14:22:11.484 [pool-3-thread-1] INFO  com.rs.mv.mvvs.client.catalog.from.scan.CurrentPathScanner - [client:400205]scan file in current open file directory(C:/Users/Marifer M/Downloads/tarea updateUt/sw-sdk-java/src/test/java/Tests)
2023-09-20 14:24:22.695 [pool-3-thread-1] INFO  com.rs.mv.mvvs.client.catalog.from.scan.CurrentPathScanner - [client:400205]scan file in current open file directory(C:/Users/Marifer M/Downloads/tarea updateUt/sw-sdk-java/src/test/java/Tests/Cancelation)
2023-09-20 14:26:23.540 [pool-3-thread-1] INFO  com.rs.mv.mvvs.client.catalog.from.scan.CurrentPathScanner - [client:400205]scan file in current open file directory(C:/Users/Marifer M/Downloads/tarea updateUt/sw-sdk-java/src/test/java/Tests)
2023-09-20 14:26:39.743 [pool-3-thread-1] INFO  com.rs.mv.mvvs.client.catalog.from.scan.CurrentPathScanner - [client:400205]scan file in current open file directory(C:/Users/Marifer M/Downloads/tarea updateUt/sw-sdk-java/src/test/java/Tests/Cancelation)
2023-09-20 14:35:58.649 [pool-3-thread-1] INFO  com.rs.mv.mvvs.client.catalog.from.scan.CurrentPathScanner - [client:400205]scan file in current open file directory(C:/Users/Marifer M/Downloads/tarea updateUt/sw-sdk-java/src/test/java/Tests)
2023-09-20 14:36:04.138 [pool-3-thread-1] INFO  com.rs.mv.mvvs.client.catalog.from.scan.CurrentPathScanner - [client:400205]scan file in current open file directory(C:/Users/Marifer M/Downloads/tarea updateUt/sw-sdk-java/src/test/java/Tests/Cancelation)
2023-09-20 14:37:07.526 [pool-3-thread-1] INFO  com.rs.mv.mvvs.client.catalog.from.scan.CurrentPathScanner - [client:400205]scan file in current open file directory(C:/Users/Marifer M/Downloads/tarea updateUt/sw-sdk-java/src/test/java/Tests)
2023-09-20 14:38:03.557 [pool-3-thread-1] INFO  com.rs.mv.mvvs.client.catalog.from.scan.CurrentPathScanner - [client:400205]scan file in current open file directory(C:/Users/Marifer M/Downloads/tarea updateUt/sw-sdk-java/src/test/java/Tests/Cancelation)
2023-09-20 14:38:58.782 [pool-3-thread-1] INFO  com.rs.mv.mvvs.client.catalog.from.scan.CurrentPathScanner - [client:400205]scan file in current open file directory(C:/Users/Marifer M/Downloads/tarea updateUt/sw-sdk-java/src/test/java/Tests/Cancelation)
2023-09-20 14:39:04.114 [pool-3-thread-1] INFO  com.rs.mv.mvvs.client.catalog.from.scan.CurrentPathScanner - [client:400205]scan file in current open file directory(C:/Users/Marifer M/Downloads/tarea updateUt/sw-sdk-java/src/test/java/Tests/Cancelation)
2023-09-20 14:39:26.971 [pool-3-thread-1] INFO  com.rs.mv.mvvs.client.catalog.from.scan.CurrentPathScanner - [client:400205]scan file in current open file directory(C:/Users/Marifer M/Downloads/tarea updateUt/sw-sdk-java/src/test/java/Tests/Cancelation)
2023-09-20 14:39:26.996 [pool-3-thread-1] INFO  com.rs.mv.mvvs.client.catalog.from.scan.CurrentPathScanner - [client:400205]scan file in current open file directory(C:/Users/Marifer M/Downloads/tarea updateUt/sw-sdk-java/src/test/java/Tests/Cancelation)
2023-09-20 14:56:50.707 [pool-3-thread-1] INFO  com.rs.mv.mvvs.client.catalog.from.scan.CurrentPathScanner - [client:400205]scan file in current open file directory(C:/Users/Marifer M/Downloads/tarea updateUt/sw-sdk-java/src/test/java/Tests/Cancelation)
2023-09-20 14:56:57.371 [pool-3-thread-1] INFO  com.rs.mv.mvvs.client.catalog.from.scan.CurrentPathScanner - [client:400205]scan file in current open file directory(C:/Users/Marifer M/Downloads/tarea updateUt/sw-sdk-java/src/test/java/Tests)
2023-09-20 14:57:07.579 [pool-3-thread-1] INFO  com.rs.mv.mvvs.client.catalog.from.scan.CurrentPathScanner - [client:400205]scan file in current open file directory(C:/Users/Marifer M/Downloads/tarea updateUt/sw-sdk-java/src/test/resources/Extras)
2023-09-20 15:02:51.807 [pool-3-thread-1] INFO  com.rs.mv.mvvs.client.catalog.from.scan.CurrentPathScanner - [client:400205]scan file in current open file directory(C:/Users/Marifer M/Downloads/tarea updateUt/sw-sdk-java/src/test/java/Tests)
2023-09-20 15:05:19.377 [pool-3-thread-1] INFO  com.rs.mv.mvvs.client.catalog.from.scan.CurrentPathScanner - [client:400205]scan file in current open file directory(C:/Users/Marifer M/Downloads/tarea updateUt/sw-sdk-java/src/test/resources/Extras)
2023-09-20 15:15:07.000 [pool-3-thread-1] INFO  com.rs.mv.mvvs.client.catalog.from.scan.CurrentPathScanner - [client:400205]scan file in current open file directory(C:/Users/Marifer M/Downloads/tarea updateUt/sw-sdk-java/src/test/java/Tests/Cancelation)
2023-09-20 15:15:25.335 [pool-3-thread-1] INFO  com.rs.mv.mvvs.client.catalog.from.scan.CurrentPathScanner - [client:400205]scan file in current open file directory(C:/Users/Marifer M/Downloads/tarea updateUt/sw-sdk-java/src/test/java/Tests)
2023-09-20 15:19:07.231 [pool-3-thread-1] INFO  com.rs.mv.mvvs.client.catalog.from.scan.CurrentPathScanner - [client:400205]scan file in current open file directory(C:/Users/Marifer M/Downloads/tarea updateUt/sw-sdk-java/src/test/java/Tests/Cancelation)
2023-09-20 15:22:57.779 [pool-3-thread-1] INFO  com.rs.mv.mvvs.client.catalog.from.scan.CurrentPathScanner - [client:400205]scan file in current open file directory(C:/Users/Marifer M/Downloads/tarea updateUt/sw-sdk-java/src/test/java/Tests)
2023-09-20 15:25:03.981 [pool-3-thread-1] INFO  com.rs.mv.mvvs.client.catalog.from.scan.CurrentPathScanner - [client:400205]scan file in current open file directory(C:/Users/Marifer M/Downloads/tarea updateUt/sw-sdk-java/src/test/java/Tests/AcceptReject)
2023-09-20 15:51:23.528 [pool-3-thread-1] INFO  com.rs.mv.mvvs.client.catalog.from.scan.CurrentPathScanner - [client:400205]scan file in current open file directory(C:/Users/Marifer M/Downloads/tarea updateUt/sw-sdk-java/src/test/java/Tests/Csd)
2023-09-20 15:53:56.191 [pool-3-thread-1] INFO  com.rs.mv.mvvs.client.catalog.from.scan.CurrentPathScanner - [client:400205]scan file in current open file directory(C:/Users/Marifer M/Downloads/tarea updateUt/sw-sdk-java/src/test/java/Tests)
2023-09-20 15:53:57.984 [pool-3-thread-1] INFO  com.rs.mv.mvvs.client.catalog.from.scan.CurrentPathScanner - [client:400205]scan file in current open file directory(C:/Users/Marifer M/Downloads/tarea updateUt/sw-sdk-java/src/test/java/Tests/Csd)
2023-09-20 15:54:07.235 [pool-3-thread-1] INFO  com.rs.mv.mvvs.client.catalog.from.scan.CurrentPathScanner - [client:400205]scan file in current open file directory(C:/Users/Marifer M/Downloads/tarea updateUt/sw-sdk-java/src/test/java/Tests)
2023-09-20 15:54:19.869 [pool-3-thread-1] INFO  com.rs.mv.mvvs.client.catalog.from.scan.CurrentPathScanner - [client:400205]scan file in current open file directory(C:/Users/Marifer M/Downloads/tarea updateUt/sw-sdk-java/src/test/java/Tests/Csd)
2023-09-20 15:55:49.115 [pool-3-thread-1] INFO  com.rs.mv.mvvs.client.catalog.from.scan.CurrentPathScanner - [client:400205]scan file in current open file directory(C:/Users/Marifer M/Downloads/tarea updateUt/sw-sdk-java/src/test/java/Tests/AcceptReject)
2023-09-20 15:58:24.405 [pool-3-thread-1] INFO  com.rs.mv.mvvs.client.catalog.from.scan.CurrentPathScanner - [client:400205]scan file in current open file directory(C:/Users/Marifer M/Downloads/tarea updateUt/sw-sdk-java/src/test/java/Tests/Csd)
2023-09-20 15:58:35.821 [pool-3-thread-1] INFO  com.rs.mv.mvvs.client.catalog.from.scan.CurrentPathScanner - [client:400205]scan file in current open file directory(C:/Users/Marifer M/Downloads/tarea updateUt/sw-sdk-java/src/test/java/Tests/Issue)
2023-09-20 15:58:40.756 [pool-3-thread-1] INFO  com.rs.mv.mvvs.client.catalog.from.scan.CurrentPathScanner - [client:400205]scan file in current open file directory(C:/Users/Marifer M/Downloads/tarea updateUt/sw-sdk-java/src/test/java/Tests/Issue)
2023-09-20 15:58:48.815 [pool-3-thread-1] INFO  com.rs.mv.mvvs.client.catalog.from.scan.CurrentPathScanner - [client:400205]scan file in current open file directory(C:/Users/Marifer M/Downloads/tarea updateUt/sw-sdk-java/src/test/java/Tests/Pendings)
2023-09-20 15:59:53.223 [pool-3-thread-1] INFO  com.rs.mv.mvvs.client.catalog.from.scan.CurrentPathScanner - [client:400205]scan file in current open file directory(C:/Users/Marifer M/Downloads/tarea updateUt/sw-sdk-java/src/test/java/Tests/Relations)
2023-09-20 16:01:42.982 [pool-3-thread-1] INFO  com.rs.mv.mvvs.client.catalog.from.scan.CurrentPathScanner - [client:400205]scan file in current open file directory(C:/Users/Marifer M/Downloads/tarea updateUt/sw-sdk-java/src/test/java/Tests/Stamp)
2023-09-20 16:01:49.246 [pool-3-thread-1] INFO  com.rs.mv.mvvs.client.catalog.from.scan.CurrentPathScanner - [client:400205]scan file in current open file directory(C:/Users/Marifer M/Downloads/tarea updateUt/sw-sdk-java/src/test/java/Tests/Stamp)
2023-09-20 16:01:51.293 [pool-3-thread-1] INFO  com.rs.mv.mvvs.client.catalog.from.scan.CurrentPathScanner - [client:400205]scan file in current open file directory(C:/Users/Marifer M/Downloads/tarea updateUt/sw-sdk-java/src/test/java/Tests/Stamp)
2023-09-20 16:01:58.883 [pool-3-thread-1] INFO  com.rs.mv.mvvs.client.catalog.from.scan.CurrentPathScanner - [client:400205]scan file in current open file directory(C:/Users/Marifer M/Downloads/tarea updateUt/sw-sdk-java/src/test/java/Tests/StatusCfdi)
2023-09-20 16:02:12.887 [pool-3-thread-1] INFO  com.rs.mv.mvvs.client.catalog.from.scan.CurrentPathScanner - [client:400205]scan file in current open file directory(C:/Users/Marifer M/Downloads/tarea updateUt/sw-sdk-java/src/test/java/Tests/Storage)
2023-09-20 16:02:19.595 [pool-3-thread-1] INFO  com.rs.mv.mvvs.client.catalog.from.scan.CurrentPathScanner - [client:400205]scan file in current open file directory(C:/Users/Marifer M/Downloads/tarea updateUt/sw-sdk-java/src/test/java/Tests/Taxpayer)
2023-09-20 16:02:31.474 [pool-3-thread-1] INFO  com.rs.mv.mvvs.client.catalog.from.scan.CurrentPathScanner - [client:400205]scan file in current open file directory(C:/Users/Marifer M/Downloads/tarea updateUt/sw-sdk-java/src/test/java/Tests/Validate)
2023-09-20 16:08:42.531 [pool-3-thread-1] INFO  com.rs.mv.mvvs.client.catalog.from.scan.CurrentPathScanner - [client:400205]scan file in current open file directory(C:/Users/Marifer M/Downloads/tarea updateUt/sw-sdk-java/src/test/java/Tests/Cfdi40)
2023-09-20 16:08:57.351 [pool-3-thread-1] INFO  com.rs.mv.mvvs.client.catalog.from.scan.CurrentPathScanner - [client:400205]scan file in current open file directory(C:/Users/Marifer M/Downloads/tarea updateUt/sw-sdk-java)
2023-09-20 16:09:06.836 [pool-3-thread-1] INFO  com.rs.mv.mvvs.client.catalog.from.scan.CurrentPathScanner - [client:400205]scan file in current open file directory(C:/Users/Marifer M/Downloads/tarea updateUt/sw-sdk-java/src/test/java/Tests/StatusCfdi)
2023-09-20 16:09:11.145 [pool-3-thread-1] INFO  com.rs.mv.mvvs.client.catalog.from.scan.CurrentPathScanner - [client:400205]scan file in current open file directory(C:/Users/Marifer M/Downloads/tarea updateUt/sw-sdk-java/src/test/java/Tests/Pendings)
2023-09-20 16:09:13.911 [pool-3-thread-1] INFO  com.rs.mv.mvvs.client.catalog.from.scan.CurrentPathScanner - [client:400205]scan file in current open file directory(C:/Users/Marifer M/Downloads/tarea updateUt/sw-sdk-java/src/test/java/Tests)
2023-09-20 16:09:19.691 [pool-3-thread-1] INFO  com.rs.mv.mvvs.client.catalog.from.scan.CurrentPathScanner - [client:400205]scan file in current open file directory(C:/Users/Marifer M/Downloads/tarea updateUt/sw-sdk-java)
2023-09-20 16:10:27.523 [pool-3-thread-1] INFO  com.rs.mv.mvvs.client.catalog.from.scan.CurrentPathScanner - [client:400205]scan file in current open file directory(C:/Users/Marifer M/Downloads/tarea updateUt/sw-sdk-java)
2023-09-20 16:21:11.360 [pool-3-thread-1] INFO  com.rs.mv.mvvs.client.catalog.from.scan.CurrentPathScanner - [client:400205]scan file in current open file directory(C:/Users/Marifer M/Downloads/tarea updateUt/sw-sdk-java)
2023-09-20 16:21:44.949 [pool-3-thread-1] INFO  com.rs.mv.mvvs.client.catalog.from.scan.CurrentPathScanner - [client:400205]scan file in current open file directory(C:/Users/Marifer M/Downloads/tarea updateUt/sw-sdk-java)
2023-09-20 16:22:49.906 [pool-3-thread-1] INFO  com.rs.mv.mvvs.client.catalog.from.scan.CurrentPathScanner - [client:400205]scan file in current open file directory(C:/Users/Marifer M/Downloads/tarea updateUt/sw-sdk-java)
2023-09-20 17:17:10.790 [pool-3-thread-1] INFO  com.rs.mv.mvvs.client.catalog.from.scan.CurrentPathScanner - [client:400205]scan file in current open file directory(C:/Users/Marifer M/Downloads/tarea updateUt/sw-sdk-java)
2023-09-20 17:35:32.045 [pool-3-thread-1] INFO  com.rs.mv.mvvs.client.catalog.from.scan.CurrentPathScanner - [client:400205]scan file in current open file directory(C:/Users/Marifer M/Downloads/tarea updateUt/sw-sdk-java)
2023-09-20 17:41:42.884 [pool-3-thread-1] INFO  com.rs.mv.mvvs.client.catalog.from.scan.CurrentPathScanner - [client:400205]scan file in current open file directory(C:/Users/Marifer M/Downloads/tarea updateUt/sw-sdk-java)
2023-09-20 17:43:11.862 [pool-3-thread-1] INFO  com.rs.mv.mvvs.client.catalog.from.scan.CurrentPathScanner - [client:400205]scan file in current open file directory(C:/Users/Marifer M/Downloads/tarea updateUt/sw-sdk-java)
2023-09-20 17:44:10.576 [pool-3-thread-1] INFO  com.rs.mv.mvvs.client.catalog.from.scan.CurrentPathScanner - [client:400205]scan file in current open file directory(C:/Users/Marifer M/Downloads/tarea updateUt/sw-sdk-java)
2023-09-20 17:44:20.976 [pool-3-thread-1] INFO  com.rs.mv.mvvs.client.catalog.from.scan.CurrentPathScanner - [client:400205]scan file in current open file directory(C:/Users/Marifer M/Downloads/tarea updateUt/sw-sdk-java)
2023-09-20 17:44:29.648 [pool-3-thread-1] INFO  com.rs.mv.mvvs.client.catalog.from.scan.CurrentPathScanner - [client:400205]scan file in current open file directory(C:/Users/Marifer M/Downloads/tarea updateUt/sw-sdk-java)
2023-09-20 17:45:44.119 [pool-3-thread-1] INFO  com.rs.mv.mvvs.client.catalog.from.scan.CurrentPathScanner - [client:400205]scan file in current open file directory(C:/Users/Marifer M/Downloads/tarea updateUt/sw-sdk-java)
2023-09-20 17:45:56.151 [pool-3-thread-1] INFO  com.rs.mv.mvvs.client.catalog.from.scan.CurrentPathScanner - [client:400205]scan file in current open file directory(C:/Users/Marifer M/Downloads/tarea updateUt/sw-sdk-java)
2023-09-20 17:53:29.695 [pool-3-thread-1] INFO  com.rs.mv.mvvs.client.catalog.from.scan.CurrentPathScanner - [client:400205]scan file in current open file directory(C:/Users/Marifer M/Downloads/tarea updateUt/sw-sdk-java)
2023-09-20 17:54:12.210 [pool-3-thread-1] INFO  com.rs.mv.mvvs.client.catalog.from.scan.CurrentPathScanner - [client:400205]scan file in current open file directory(C:/Users/Marifer M/Downloads/tarea updateUt/sw-sdk-java)
2023-09-20 17:58:07.055 [pool-3-thread-1] INFO  com.rs.mv.mvvs.client.catalog.from.scan.CurrentPathScanner - [client:400205]scan file in current open file directory(C:/Users/Marifer M/Downloads/tarea updateUt/sw-sdk-java)
2023-09-20 18:03:12.711 [pool-3-thread-1] INFO  com.rs.mv.mvvs.client.catalog.from.scan.CurrentPathScanner - [client:400205]scan file in current open file directory(C:/Users/Marifer M/Downloads/tarea updateUt/sw-sdk-java)
2023-09-20 18:03:59.148 [pool-3-thread-1] INFO  com.rs.mv.mvvs.client.catalog.from.scan.CurrentPathScanner - [client:400205]scan file in current open file directory(C:/Users/Marifer M/Downloads/tarea updateUt/sw-sdk-java)
2023-09-20 18:06:57.088 [pool-3-thread-1] INFO  com.rs.mv.mvvs.client.catalog.from.scan.CurrentPathScanner - [client:400205]scan file in current open file directory(C:/Users/Marifer M/Downloads/tarea updateUt/sw-sdk-java)
2023-09-20 18:13:28.319 [pool-3-thread-1] INFO  com.rs.mv.mvvs.client.catalog.from.scan.CurrentPathScanner - [client:400205]scan file in current open file directory(C:/Users/Marifer M/Downloads/tarea updateUt/sw-sdk-java)
2023-09-20 18:15:38.567 [pool-3-thread-1] INFO  com.rs.mv.mvvs.client.catalog.from.scan.CurrentPathScanner - [client:400205]scan file in current open file directory(C:/Users/Marifer M/Downloads/tarea updateUt/sw-sdk-java)
2023-09-20 18:16:03.045 [pool-3-thread-1] INFO  com.rs.mv.mvvs.client.catalog.from.scan.CurrentPathScanner - [client:400205]scan file in current open file directory(C:/Users/Marifer M/Downloads/tarea updateUt/sw-sdk-java)
2023-09-20 18:16:34.055 [pool-3-thread-1] INFO  com.rs.mv.mvvs.client.catalog.from.scan.CurrentPathScanner - [client:400205]scan file in current open file directory(C:/Users/Marifer M/Downloads/tarea updateUt/sw-sdk-java)
2023-09-20 18:16:42.842 [pool-3-thread-1] INFO  com.rs.mv.mvvs.client.catalog.from.scan.CurrentPathScanner - [client:400205]scan file in current open file directory(C:/Users/Marifer M/Downloads/tarea updateUt/sw-sdk-java)
2023-09-20 18:19:35.393 [pool-3-thread-1] INFO  com.rs.mv.mvvs.client.catalog.from.scan.CurrentPathScanner - [client:400205]scan file in current open file directory(C:/Users/Marifer M/Downloads/tarea updateUt/sw-sdk-java)
2023-09-20 18:20:15.043 [pool-3-thread-1] INFO  com.rs.mv.mvvs.client.catalog.from.scan.CurrentPathScanner - [client:400205]scan file in current open file directory(C:/Users/Marifer M/Downloads/tarea updateUt/sw-sdk-java)
2023-09-20 18:20:35.437 [pool-3-thread-1] INFO  com.rs.mv.mvvs.client.catalog.from.scan.CurrentPathScanner - [client:400205]scan file in current open file directory(C:/Users/Marifer M/Downloads/tarea updateUt/sw-sdk-java)
2023-09-20 18:20:47.298 [pool-3-thread-1] INFO  com.rs.mv.mvvs.client.catalog.from.scan.CurrentPathScanner - [client:400205]scan file in current open file directory(C:/Users/Marifer M/Downloads/tarea updateUt/sw-sdk-java)
2023-09-20 18:21:32.407 [pool-3-thread-1] INFO  com.rs.mv.mvvs.client.catalog.from.scan.CurrentPathScanner - [client:400205]scan file in current open file directory(C:/Users/Marifer M/Downloads/tarea updateUt/sw-sdk-java)
2023-09-20 19:41:58.794 [pool-3-thread-1] INFO  com.rs.mv.mvvs.client.catalog.from.scan.CurrentPathScanner - [client:400205]scan file in current open file directory(C:/Users/Marifer M/Downloads/tarea updateUt/sw-sdk-java)
2023-09-20 19:43:10.778 [pool-3-thread-1] INFO  com.rs.mv.mvvs.client.catalog.from.scan.CurrentPathScanner - [client:400205]scan file in current open file directory(C:/Users/Marifer M/Downloads/tarea updateUt/sw-sdk-java)
2023-09-20 19:43:28.866 [pool-3-thread-1] INFO  com.rs.mv.mvvs.client.catalog.from.scan.CurrentPathScanner - [client:400205]scan file in current open file directory(C:/Users/Marifer M/Downloads/tarea updateUt/sw-sdk-java)
2023-09-20 19:44:05.258 [pool-3-thread-1] INFO  com.rs.mv.mvvs.client.catalog.from.scan.CurrentPathScanner - [client:400205]scan file in current open file directory(C:/Users/Marifer M/Downloads/tarea updateUt/sw-sdk-java)
2023-09-20 19:44:53.409 [pool-3-thread-1] INFO  com.rs.mv.mvvs.client.catalog.from.scan.CurrentPathScanner - [client:400205]scan file in current open file directory(C:/Users/Marifer M/Downloads/tarea updateUt/sw-sdk-java)
2023-09-20 19:46:01.747 [pool-3-thread-1] INFO  com.rs.mv.mvvs.client.catalog.from.scan.CurrentPathScanner - [client:400205]scan file in current open file directory(C:/Users/Marifer M/Downloads/tarea updateUt/sw-sdk-java)
2023-09-20 19:46:11.986 [pool-3-thread-1] INFO  com.rs.mv.mvvs.client.catalog.from.scan.CurrentPathScanner - [client:400205]scan file in current open file directory(C:/Users/Marifer M/Downloads/tarea updateUt/sw-sdk-java)
2023-09-20 19:46:19.360 [pool-3-thread-1] INFO  com.rs.mv.mvvs.client.catalog.from.scan.CurrentPathScanner - [client:400205]scan file in current open file directory(C:/Users/Marifer M/Downloads/tarea updateUt/sw-sdk-java)
2023-09-20 19:46:31.125 [pool-3-thread-1] INFO  com.rs.mv.mvvs.client.catalog.from.scan.CurrentPathScanner - [client:400205]scan file in current open file directory(C:/Users/Marifer M/Downloads/tarea updateUt/sw-sdk-java)
2023-09-20 19:47:26.381 [pool-3-thread-1] INFO  com.rs.mv.mvvs.client.catalog.from.scan.CurrentPathScanner - [client:400205]scan file in current open file directory(C:/Users/Marifer M/Downloads/tarea updateUt/sw-sdk-java)
2023-09-20 19:47:57.026 [pool-3-thread-1] INFO  com.rs.mv.mvvs.client.catalog.from.scan.CurrentPathScanner - [client:400205]scan file in current open file directory(C:/Users/Marifer M/Downloads/tarea updateUt/sw-sdk-java)
2023-09-20 19:49:49.059 [pool-3-thread-1] INFO  com.rs.mv.mvvs.client.catalog.from.scan.CurrentPathScanner - [client:400205]scan file in current open file directory(C:/Users/Marifer M/Downloads/tarea updateUt/sw-sdk-java)
2023-09-20 19:50:12.989 [pool-3-thread-1] INFO  com.rs.mv.mvvs.client.catalog.from.scan.CurrentPathScanner - [client:400205]scan file in current open file directory(C:/Users/Marifer M/Downloads/tarea updateUt/sw-sdk-java)
2023-09-20 19:50:50.645 [pool-3-thread-1] INFO  com.rs.mv.mvvs.client.catalog.from.scan.CurrentPathScanner - [client:400205]scan file in current open file directory(C:/Users/Marifer M/Downloads/tarea updateUt/sw-sdk-java)
2023-09-20 19:51:51.785 [pool-3-thread-1] INFO  com.rs.mv.mvvs.client.catalog.from.scan.CurrentPathScanner - [client:400205]scan file in current open file directory(C:/Users/Marifer M/Downloads/tarea updateUt/sw-sdk-java)
2023-09-20 19:52:20.108 [pool-3-thread-1] INFO  com.rs.mv.mvvs.client.catalog.from.scan.CurrentPathScanner - [client:400205]scan file in current open file directory(C:/Users/Marifer M/Downloads/tarea updateUt/sw-sdk-java)
2023-09-20 19:52:39.248 [pool-3-thread-1] INFO  com.rs.mv.mvvs.client.catalog.from.scan.CurrentPathScanner - [client:400205]scan file in current open file directory(C:/Users/Marifer M/Downloads/tarea updateUt/sw-sdk-java)
2023-09-20 20:07:14.701 [pool-3-thread-1] INFO  com.rs.mv.mvvs.client.catalog.from.scan.CurrentPathScanner - [client:400205]scan file in current open file directory(C:/Users/Marifer M/Downloads/tarea updateUt/sw-sdk-java)
2023-09-20 20:07:45.351 [pool-3-thread-1] INFO  com.rs.mv.mvvs.client.catalog.from.scan.CurrentPathScanner - [client:400205]scan file in current open file directory(C:/Users/Marifer M/Downloads/tarea updateUt/sw-sdk-java)
2023-09-20 20:08:51.505 [pool-3-thread-1] INFO  com.rs.mv.mvvs.client.catalog.from.scan.CurrentPathScanner - [client:400205]scan file in current open file directory(C:/Users/Marifer M/Downloads/tarea updateUt/sw-sdk-java)
2023-09-20 20:10:21.917 [pool-3-thread-1] INFO  com.rs.mv.mvvs.client.catalog.from.scan.CurrentPathScanner - [client:400205]scan file in current open file directory(C:/Users/Marifer M/Downloads/tarea updateUt/sw-sdk-java)
2023-09-20 20:11:19.429 [pool-3-thread-1] INFO  com.rs.mv.mvvs.client.catalog.from.scan.CurrentPathScanner - [client:400205]scan file in current open file directory(C:/Users/Marifer M/Downloads/tarea updateUt/sw-sdk-java)
2023-09-20 20:12:44.308 [pool-3-thread-1] INFO  com.rs.mv.mvvs.client.catalog.from.scan.CurrentPathScanner - [client:400205]scan file in current open file directory(C:/Users/Marifer M/Downloads/tarea updateUt/sw-sdk-java)
2023-09-20 20:13:26.388 [pool-3-thread-1] INFO  com.rs.mv.mvvs.client.catalog.from.scan.CurrentPathScanner - [client:400205]scan file in current open file directory(C:/Users/Marifer M/Downloads/tarea updateUt/sw-sdk-java)
2023-09-20 20:14:01.131 [pool-3-thread-1] INFO  com.rs.mv.mvvs.client.catalog.from.scan.CurrentPathScanner - [client:400205]scan file in current open file directory(C:/Users/Marifer M/Downloads/tarea updateUt/sw-sdk-java)
2023-09-20 20:14:37.063 [pool-3-thread-1] INFO  com.rs.mv.mvvs.client.catalog.from.scan.CurrentPathScanner - [client:400205]scan file in current open file directory(C:/Users/Marifer M/Downloads/tarea updateUt/sw-sdk-java)
2023-09-20 20:15:01.768 [pool-3-thread-1] INFO  com.rs.mv.mvvs.client.catalog.from.scan.CurrentPathScanner - [client:400205]scan file in current open file directory(C:/Users/Marifer M/Downloads/tarea updateUt/sw-sdk-java)
2023-09-20 20:15:19.363 [pool-3-thread-1] INFO  com.rs.mv.mvvs.client.catalog.from.scan.CurrentPathScanner - [client:400205]scan file in current open file directory(C:/Users/Marifer M/Downloads/tarea updateUt/sw-sdk-java)
2023-09-20 20:16:35.794 [pool-3-thread-1] INFO  com.rs.mv.mvvs.client.catalog.from.scan.CurrentPathScanner - [client:400205]scan file in current open file directory(C:/Users/Marifer M/Downloads/tarea updateUt/sw-sdk-java)
2023-09-20 20:29:52.803 [pool-3-thread-1] INFO  com.rs.mv.mvvs.client.catalog.from.scan.CurrentPathScanner - [client:400205]scan file in current open file directory(C:/Users/Marifer M/Downloads/tarea updateUt/sw-sdk-java)
2023-09-20 20:47:02.991 [pool-3-thread-1] INFO  com.rs.mv.mvvs.client.catalog.from.scan.CurrentPathScanner - [client:400205]scan file in current open file directory(C:/Users/Marifer M/Downloads/tarea updateUt/sw-sdk-java/src/test/java/Tests/Pdf)
2023-09-20 20:47:08.034 [pool-3-thread-1] INFO  com.rs.mv.mvvs.client.catalog.from.scan.CurrentPathScanner - [client:400205]scan file in current open file directory(C:/Users/Marifer M/Downloads/tarea updateUt/sw-sdk-java)
2023-09-20 20:47:56.829 [pool-3-thread-1] INFO  com.rs.mv.mvvs.client.catalog.from.scan.CurrentPathScanner - [client:400205]scan file in current open file directory(C:/Users/Marifer M/Downloads/tarea updateUt/sw-sdk-java/src/test/java/Tests/Pdf)
2023-09-20 20:48:42.981 [pool-3-thread-1] INFO  com.rs.mv.mvvs.client.catalog.from.scan.CurrentPathScanner - [client:400205]scan file in current open file directory(C:/Users/Marifer M/Downloads/tarea updateUt/sw-sdk-java)
2023-09-20 20:53:37.480 [pool-3-thread-1] INFO  com.rs.mv.mvvs.client.catalog.from.scan.CurrentPathScanner - [client:400205]scan file in current open file directory(C:/Users/Marifer M/Downloads/tarea updateUt/sw-sdk-java/src/test/java/Tests/Authentication)
2023-09-20 20:53:46.115 [pool-3-thread-1] INFO  com.rs.mv.mvvs.client.catalog.from.scan.CurrentPathScanner - [client:400205]scan file in current open file directory(C:/Users/Marifer M/Downloads/tarea updateUt/sw-sdk-java/src/test/java/Tests/BalanceAccount)
2023-09-20 20:54:00.018 [pool-3-thread-1] INFO  com.rs.mv.mvvs.client.catalog.from.scan.CurrentPathScanner - [client:400205]scan file in current open file directory(C:/Users/Marifer M/Downloads/tarea updateUt/sw-sdk-java/src/test/java/Tests/Authentication)
2023-09-20 20:54:09.851 [pool-3-thread-1] INFO  com.rs.mv.mvvs.client.catalog.from.scan.CurrentPathScanner - [client:400205]scan file in current open file directory(C:/Users/Marifer M/Downloads/tarea updateUt/sw-sdk-java)
2023-09-20 20:55:06.681 [pool-3-thread-1] INFO  com.rs.mv.mvvs.client.catalog.from.scan.CurrentPathScanner - [client:400205]scan file in current open file directory(C:/Users/Marifer M/Downloads/tarea updateUt/sw-sdk-java)
2023-09-20 21:12:02.108 [pool-3-thread-1] INFO  com.rs.mv.mvvs.client.catalog.from.scan.CurrentPathScanner - [client:400205]scan file in current open file directory(C:/Users/Marifer M/Downloads/tarea updateUt/sw-sdk-java)
2023-09-20 21:17:35.015 [pool-3-thread-1] INFO  com.rs.mv.mvvs.client.catalog.from.scan.CurrentPathScanner - [client:400205]scan file in current open file directory(C:/Users/Marifer M/Downloads/tarea updateUt/sw-sdk-java/src/test/resources/Extras)
2023-09-20 21:17:59.114 [pool-3-thread-1] INFO  com.rs.mv.mvvs.client.catalog.from.scan.CurrentPathScanner - [client:400205]scan file in current open file directory(C:/Users/Marifer M/Downloads/tarea updateUt/sw-sdk-java/src/test/java/Tests/Stamp)
2023-09-20 21:18:09.310 [pool-3-thread-1] INFO  com.rs.mv.mvvs.client.catalog.from.scan.CurrentPathScanner - [client:400205]scan file in current open file directory(C:/Users/Marifer M/Downloads/tarea updateUt/sw-sdk-java/src/test/java/Tests/AcceptReject)
2023-09-20 21:18:19.475 [pool-3-thread-1] INFO  com.rs.mv.mvvs.client.catalog.from.scan.CurrentPathScanner - [client:400205]scan file in current open file directory(C:/Users/Marifer M/Downloads/tarea updateUt/sw-sdk-java/src/test/java/Tests/Pendings)
2023-09-20 21:19:56.048 [pool-3-thread-1] INFO  com.rs.mv.mvvs.client.catalog.from.scan.CurrentPathScanner - [client:400205]scan file in current open file directory(C:/Users/Marifer M/Downloads/tarea updateUt/sw-sdk-java/src/test/java/Tests)
2023-09-20 21:20:17.036 [pool-3-thread-1] INFO  com.rs.mv.mvvs.client.catalog.from.scan.CurrentPathScanner - [client:400205]scan file in current open file directory(C:/Users/Marifer M/Downloads/tarea updateUt/sw-sdk-java/src/test/java/Tests)
2023-09-20 21:21:45.296 [pool-3-thread-1] INFO  com.rs.mv.mvvs.client.catalog.from.scan.CurrentPathScanner - [client:400205]scan file in current open file directory(C:/Users/Marifer M/Downloads/tarea updateUt/sw-sdk-java/src/test/java/Tests/Cfdi40)
